<?xml version="1.0" encoding="UTF-8"?>
<coverage generated="1787897802283" clover="3.2.0">
  <project timestamp="1787897802283" name="All files">
    <metrics statements="358" coveredstatements="283" conditionals="175" coveredconditionals="99" methods="129" coveredmethods="95" elements="662" coveredelements="477" complexity="0" loc="358" ncloc="358" packages="9" files="30" classes="30"/>
    <package name="src">
      <metrics statements="9" coveredstatements="9" conditionals="0" coveredconditionals="0" methods="1" coveredmethods="1"/>
      <file name="app.js" path="/Users/ravishkarodrigo/Downloads/ICBT-Carpooling-System/backend/src/app.js">
        <metrics statements="9" coveredstatements="9" conditionals="0" coveredconditionals="0" methods="1" coveredmethods="1"/>
        <line num="12" count="7" type="stmt"/>
        <line num="14" count="7" type="stmt"/>
        <line num="15" count="7" type="stmt"/>
        <line num="16" count="7" type="stmt"/>
        <line num="17" count="7" type="stmt"/>
        <line num="19" count="7" type="stmt"/>
        <line num="21" count="7" type="stmt"/>
        <line num="22" count="7" type="stmt"/>
        <line num="24" count="7" type="stmt"/>
      </file>
    </package>
    <package name="src.controllers">
      <metrics statements="48" coveredstatements="45" conditionals="0" coveredconditionals="0" methods="22" coveredmethods="19"/>
      <file name="asyncHandler.js" path="/Users/ravishkarodrigo/Downloads/ICBT-Carpooling-System/backend/src/controllers/asyncHandler.js">
        <metrics statements="2" coveredstatements="2" conditionals="0" coveredconditionals="0" methods="2" coveredmethods="2"/>
        <line num="2" count="140" type="stmt"/>
        <line num="3" count="186" type="stmt"/>
      </file>
      <file name="authController.js" path="/Users/ravishkarodrigo/Downloads/ICBT-Carpooling-System/backend/src/controllers/authController.js">
        <metrics statements="12" coveredstatements="12" conditionals="0" coveredconditionals="0" methods="4" coveredmethods="4"/>
        <line num="5" count="7" type="stmt"/>
        <line num="6" count="81" type="stmt"/>
        <line num="7" count="79" type="stmt"/>
        <line num="10" count="7" type="stmt"/>
        <line num="11" count="8" type="stmt"/>
        <line num="12" count="5" type="stmt"/>
        <line num="15" count="7" type="stmt"/>
        <line num="16" count="3" type="stmt"/>
        <line num="17" count="3" type="stmt"/>
        <line num="20" count="7" type="stmt"/>
        <line num="21" count="1" type="stmt"/>
        <line num="22" count="1" type="stmt"/>
      </file>
      <file name="messageController.js" path="/Users/ravishkarodrigo/Downloads/ICBT-Carpooling-System/backend/src/controllers/messageController.js">
        <metrics statements="5" coveredstatements="4" conditionals="0" coveredconditionals="0" methods="2" coveredmethods="1"/>
        <line num="5" count="7" type="stmt"/>
        <line num="6" count="0" type="stmt"/>
        <line num="9" count="7" type="stmt"/>
        <line num="10" count="1" type="stmt"/>
        <line num="11" count="1" type="stmt"/>
      </file>
      <file name="notificationController.js" path="/Users/ravishkarodrigo/Downloads/ICBT-Carpooling-System/backend/src/controllers/notificationController.js">
        <metrics statements="4" coveredstatements="4" conditionals="0" coveredconditionals="0" methods="2" coveredmethods="2"/>
        <line num="5" count="7" type="stmt"/>
        <line num="6" count="3" type="stmt"/>
        <line num="9" count="7" type="stmt"/>
        <line num="10" count="1" type="stmt"/>
      </file>
      <file name="requestController.js" path="/Users/ravishkarodrigo/Downloads/ICBT-Carpooling-System/backend/src/controllers/requestController.js">
        <metrics statements="8" coveredstatements="6" conditionals="0" coveredconditionals="0" methods="4" coveredmethods="2"/>
        <line num="5" count="7" type="stmt"/>
        <line num="6" count="7" type="stmt"/>
        <line num="9" count="7" type="stmt"/>
        <line num="10" count="0" type="stmt"/>
        <line num="13" count="7" type="stmt"/>
        <line num="14" count="0" type="stmt"/>
        <line num="17" count="7" type="stmt"/>
        <line num="18" count="4" type="stmt"/>
      </file>
      <file name="rideController.js" path="/Users/ravishkarodrigo/Downloads/ICBT-Carpooling-System/backend/src/controllers/rideController.js">
        <metrics statements="17" coveredstatements="17" conditionals="0" coveredconditionals="0" methods="8" coveredmethods="8"/>
        <line num="5" count="7" type="stmt"/>
        <line num="6" count="39" type="stmt"/>
        <line num="7" count="39" type="stmt"/>
        <line num="10" count="7" type="stmt"/>
        <line num="11" count="4" type="stmt"/>
        <line num="14" count="7" type="stmt"/>
        <line num="15" count="14" type="stmt"/>
        <line num="18" count="7" type="stmt"/>
        <line num="19" count="5" type="stmt"/>
        <line num="22" count="7" type="stmt"/>
        <line num="23" count="2" type="stmt"/>
        <line num="26" count="7" type="stmt"/>
        <line num="27" count="2" type="stmt"/>
        <line num="30" count="7" type="stmt"/>
        <line num="31" count="8" type="stmt"/>
        <line num="34" count="7" type="stmt"/>
        <line num="35" count="3" type="stmt"/>
      </file>
    </package>
    <package name="src.middleware">
      <metrics statements="34" coveredstatements="30" conditionals="29" coveredconditionals="19" methods="9" coveredmethods="7"/>
      <file name="auth.js" path="/Users/ravishkarodrigo/Downloads/ICBT-Carpooling-System/backend/src/middleware/auth.js">
        <metrics statements="15" coveredstatements="12" conditionals="12" coveredconditionals="8" methods="3" coveredmethods="1"/>
        <line num="5" count="7" type="stmt"/>
        <line num="6" count="95" type="cond" truecount="2" falsecount="0"/>
        <line num="7" count="95" type="stmt"/>
        <line num="8" count="95" type="cond" truecount="4" falsecount="0"/>
        <line num="9" count="8" type="stmt"/>
        <line num="11" count="87" type="stmt"/>
        <line num="12" count="87" type="stmt"/>
        <line num="13" count="85" type="cond" truecount="2" falsecount="0"/>
        <line num="14" count="83" type="stmt"/>
        <line num="15" count="83" type="stmt"/>
        <line num="17" count="2" type="stmt"/>
        <line num="22" count="7" type="stmt"/>
        <line num="23" count="0" type="cond" truecount="0" falsecount="4"/>
        <line num="24" count="0" type="stmt"/>
        <line num="26" count="0" type="stmt"/>
      </file>
      <file name="error.js" path="/Users/ravishkarodrigo/Downloads/ICBT-Carpooling-System/backend/src/middleware/error.js">
        <metrics statements="9" coveredstatements="8" conditionals="10" coveredconditionals="6" methods="2" coveredmethods="2"/>
        <line num="4" count="7" type="stmt"/>
        <line num="5" count="2" type="stmt"/>
        <line num="10" count="7" type="stmt"/>
        <line num="11" count="45" type="stmt"/>
        <line num="12" count="45" type="cond" truecount="1" falsecount="1"/>
        <line num="13" count="45" type="stmt"/>
        <line num="20" count="45" type="cond" truecount="2" falsecount="2"/>
        <line num="21" count="0" type="stmt"/>
        <line num="23" count="45" type="stmt"/>
      </file>
      <file name="rateLimit.js" path="/Users/ravishkarodrigo/Downloads/ICBT-Carpooling-System/backend/src/middleware/rateLimit.js">
        <metrics statements="3" coveredstatements="3" conditionals="4" coveredconditionals="2" methods="1" coveredmethods="1"/>
        <line num="4" count="314" type="stmt"/>
        <line num="7" count="7" type="cond" truecount="1" falsecount="1"/>
        <line num="17" count="7" type="cond" truecount="1" falsecount="1"/>
      </file>
      <file name="validate.js" path="/Users/ravishkarodrigo/Downloads/ICBT-Carpooling-System/backend/src/middleware/validate.js">
        <metrics statements="7" coveredstatements="7" conditionals="3" coveredconditionals="3" methods="3" coveredmethods="3"/>
        <line num="5" count="56" type="cond" truecount="1" falsecount="0"/>
        <line num="6" count="171" type="stmt"/>
        <line num="7" count="171" type="cond" truecount="2" falsecount="0"/>
        <line num="8" count="20" type="stmt"/>
        <line num="12" count="17" type="stmt"/>
        <line num="14" count="154" type="stmt"/>
        <line num="15" count="154" type="stmt"/>
      </file>
    </package>
    <package name="src.models">
      <metrics statements="46" coveredstatements="24" conditionals="28" coveredconditionals="13" methods="25" coveredmethods="14"/>
      <file name="datastore.js" path="/Users/ravishkarodrigo/Downloads/ICBT-Carpooling-System/backend/src/models/datastore.js">
        <metrics statements="46" coveredstatements="24" conditionals="28" coveredconditionals="13" methods="25" coveredmethods="14"/>
        <line num="14" count="122" type="stmt"/>
        <line num="18" count="132" type="cond" truecount="2" falsecount="0"/>
        <line num="19" count="132" type="cond" truecount="2" falsecount="0"/>
        <line num="20" count="132" type="stmt"/>
        <line num="21" count="132" type="stmt"/>
        <line num="25" count="102" type="cond" truecount="2" falsecount="0"/>
        <line num="29" count="13" type="stmt"/>
        <line num="30" count="13" type="cond" truecount="1" falsecount="1"/>
        <line num="31" count="13" type="stmt"/>
        <line num="32" count="13" type="stmt"/>
        <line num="33" count="13" type="stmt"/>
        <line num="37" count="0" type="stmt"/>
        <line num="40" count="0" type="cond" truecount="0" falsecount="1"/>
        <line num="41" count="28" type="stmt"/>
        <line num="45" count="95" type="cond" truecount="2" falsecount="0"/>
        <line num="52" count="0" type="stmt"/>
        <line num="56" count="0" type="cond" truecount="0" falsecount="2"/>
        <line num="57" count="0" type="cond" truecount="0" falsecount="2"/>
        <line num="58" count="0" type="stmt"/>
        <line num="59" count="0" type="stmt"/>
        <line num="63" count="0" type="stmt"/>
        <line num="64" count="0" type="cond" truecount="0" falsecount="2"/>
        <line num="68" count="0" type="stmt"/>
        <line num="69" count="0" type="stmt"/>
        <line num="70" count="0" type="cond" truecount="0" falsecount="2"/>
        <line num="71" count="0" type="stmt"/>
        <line num="72" count="0" type="stmt"/>
        <line num="73" count="0" type="stmt"/>
        <line num="77" count="0" type="stmt"/>
        <line num="78" count="0" type="stmt"/>
        <line num="81" count="0" type="cond" truecount="0" falsecount="1"/>
        <line num="82" count="0" type="stmt"/>
        <line num="83" count="0" type="stmt"/>
        <line num="87" count="0" type="stmt"/>
        <line num="88" count="0" type="cond" truecount="0" falsecount="2"/>
        <line num="93" count="7" type="stmt"/>
        <line num="96" count="370" type="cond" truecount="2" falsecount="0"/>
        <line num="98" count="122" type="stmt"/>
        <line num="99" count="122" type="stmt"/>
        <line num="103" count="122" type="stmt"/>
        <line num="107" count="240" type="stmt"/>
        <line num="108" count="98" type="stmt"/>
        <line num="109" count="18" type="stmt"/>
        <line num="110" count="7" type="stmt"/>
        <line num="111" count="13" type="stmt"/>
        <line num="115" count="111" type="stmt"/>
      </file>
    </package>
    <package name="src.routes">
      <metrics statements="35" coveredstatements="35" conditionals="0" coveredconditionals="0" methods="1" coveredmethods="0"/>
      <file name="authRoutes.js" path="/Users/ravishkarodrigo/Downloads/ICBT-Carpooling-System/backend/src/routes/authRoutes.js">
        <metrics statements="5" coveredstatements="5" conditionals="0" coveredconditionals="0" methods="0" coveredmethods="0"/>
        <line num="8" count="7" type="stmt"/>
        <line num="9" count="7" type="stmt"/>
        <line num="10" count="7" type="stmt"/>
        <line num="11" count="7" type="stmt"/>
        <line num="12" count="7" type="stmt"/>
      </file>
      <file name="index.js" path="/Users/ravishkarodrigo/Downloads/ICBT-Carpooling-System/backend/src/routes/index.js">
        <metrics statements="7" coveredstatements="7" conditionals="0" coveredconditionals="0" methods="1" coveredmethods="0"/>
        <line num="8" count="7" type="stmt"/>
        <line num="9" count="7" type="stmt"/>
        <line num="10" count="7" type="stmt"/>
        <line num="11" count="7" type="stmt"/>
        <line num="12" count="7" type="stmt"/>
        <line num="13" count="7" type="stmt"/>
        <line num="14" count="7" type="stmt"/>
      </file>
      <file name="messageRoutes.js" path="/Users/ravishkarodrigo/Downloads/ICBT-Carpooling-System/backend/src/routes/messageRoutes.js">
        <metrics statements="4" coveredstatements="4" conditionals="0" coveredconditionals="0" methods="0" coveredmethods="0"/>
        <line num="7" count="7" type="stmt"/>
        <line num="8" count="7" type="stmt"/>
        <line num="9" count="7" type="stmt"/>
        <line num="10" count="7" type="stmt"/>
      </file>
      <file name="notificationRoutes.js" path="/Users/ravishkarodrigo/Downloads/ICBT-Carpooling-System/backend/src/routes/notificationRoutes.js">
        <metrics statements="4" coveredstatements="4" conditionals="0" coveredconditionals="0" methods="0" coveredmethods="0"/>
        <line num="5" count="7" type="stmt"/>
        <line num="6" count="7" type="stmt"/>
        <line num="7" count="7" type="stmt"/>
        <line num="8" count="7" type="stmt"/>
      </file>
      <file name="requestRoutes.js" path="/Users/ravishkarodrigo/Downloads/ICBT-Carpooling-System/backend/src/routes/requestRoutes.js">
        <metrics statements="6" coveredstatements="6" conditionals="0" coveredconditionals="0" methods="0" coveredmethods="0"/>
        <line num="7" count="7" type="stmt"/>
        <line num="8" count="7" type="stmt"/>
        <line num="9" count="7" type="stmt"/>
        <line num="10" count="7" type="stmt"/>
        <line num="11" count="7" type="stmt"/>
        <line num="12" count="7" type="stmt"/>
      </file>
      <file name="rideRoutes.js" path="/Users/ravishkarodrigo/Downloads/ICBT-Carpooling-System/backend/src/routes/rideRoutes.js">
        <metrics statements="9" coveredstatements="9" conditionals="0" coveredconditionals="0" methods="0" coveredmethods="0"/>
        <line num="7" count="7" type="stmt"/>
        <line num="8" count="7" type="stmt"/>
        <line num="9" count="7" type="stmt"/>
        <line num="10" count="7" type="stmt"/>
        <line num="11" count="7" type="stmt"/>
        <line num="12" count="7" type="stmt"/>
        <line num="13" count="7" type="stmt"/>
        <line num="14" count="7" type="stmt"/>
        <line num="15" count="7" type="stmt"/>
      </file>
    </package>
    <package name="src.services">
      <metrics statements="115" coveredstatements="97" conditionals="86" coveredconditionals="50" methods="43" coveredmethods="33"/>
      <file name="authService.js" path="/Users/ravishkarodrigo/Downloads/ICBT-Carpooling-System/backend/src/services/authService.js">
        <metrics statements="19" coveredstatements="19" conditionals="14" coveredconditionals="12" methods="8" coveredmethods="8"/>
        <line num="6" count="88" type="stmt"/>
        <line num="17" count="81" type="stmt"/>
        <line num="18" count="81" type="cond" truecount="2" falsecount="0"/>
        <line num="20" count="79" type="stmt"/>
        <line num="21" count="79" type="stmt"/>
        <line num="28" count="79" type="stmt"/>
        <line num="32" count="8" type="stmt"/>
        <line num="34" count="8" type="cond" truecount="2" falsecount="0"/>
        <line num="36" count="6" type="stmt"/>
        <line num="37" count="6" type="cond" truecount="2" falsecount="0"/>
        <line num="39" count="5" type="stmt"/>
        <line num="43" count="3" type="stmt"/>
        <line num="44" count="3" type="cond" truecount="1" falsecount="1"/>
        <line num="45" count="3" type="stmt"/>
        <line num="49" count="1" type="stmt"/>
        <line num="50" count="1" type="cond" truecount="1" falsecount="1"/>
        <line num="51" count="1" type="stmt"/>
        <line num="55" count="84" type="stmt"/>
        <line num="56" count="84" type="stmt"/>
      </file>
      <file name="messageService.js" path="/Users/ravishkarodrigo/Downloads/ICBT-Carpooling-System/backend/src/services/messageService.js">
        <metrics statements="12" coveredstatements="2" conditionals="13" coveredconditionals="0" methods="5" coveredmethods="1"/>
        <line num="8" count="0" type="cond" truecount="0" falsecount="2"/>
        <line num="9" count="0" type="cond" truecount="0" falsecount="4"/>
        <line num="10" count="0" type="stmt"/>
        <line num="15" count="0" type="stmt"/>
        <line num="16" count="0" type="cond" truecount="0" falsecount="2"/>
        <line num="17" count="0" type="stmt"/>
        <line num="19" count="0" type="stmt"/>
        <line num="20" count="0" type="stmt"/>
        <line num="25" count="0" type="stmt"/>
        <line num="29" count="1" type="stmt"/>
        <line num="31" count="0" type="cond" truecount="0" falsecount="5"/>
        <line num="35" count="1" type="stmt"/>
      </file>
      <file name="notificationService.js" path="/Users/ravishkarodrigo/Downloads/ICBT-Carpooling-System/backend/src/services/notificationService.js">
        <metrics statements="6" coveredstatements="6" conditionals="6" coveredconditionals="4" methods="5" coveredmethods="4"/>
        <line num="4" count="8" type="cond" truecount="1" falsecount="1"/>
        <line num="8" count="3" type="stmt"/>
        <line num="9" count="3" type="stmt"/>
        <line num="13" count="1" type="stmt"/>
        <line num="14" count="1" type="cond" truecount="3" falsecount="1"/>
        <line num="15" count="1" type="stmt"/>
      </file>
      <file name="requestService.js" path="/Users/ravishkarodrigo/Downloads/ICBT-Carpooling-System/backend/src/services/requestService.js">
        <metrics statements="23" coveredstatements="20" conditionals="21" coveredconditionals="14" methods="7" coveredmethods="3"/>
        <line num="7" count="7" type="stmt"/>
        <line num="8" count="7" type="cond" truecount="1" falsecount="1"/>
        <line num="9" count="7" type="cond" truecount="2" falsecount="0"/>
        <line num="10" count="6" type="cond" truecount="1" falsecount="1"/>
        <line num="12" count="6" type="stmt"/>
        <line num="13" count="1" type="cond" truecount="2" falsecount="1"/>
        <line num="15" count="6" type="cond" truecount="1" falsecount="1"/>
        <line num="17" count="6" type="stmt"/>
        <line num="25" count="6" type="stmt"/>
        <line num="31" count="6" type="stmt"/>
        <line num="35" count="0" type="stmt"/>
        <line num="39" count="0" type="stmt"/>
        <line num="43" count="4" type="stmt"/>
        <line num="44" count="4" type="cond" truecount="1" falsecount="1"/>
        <line num="45" count="4" type="cond" truecount="2" falsecount="0"/>
        <line num="46" count="1" type="stmt"/>
        <line num="48" count="3" type="cond" truecount="1" falsecount="1"/>
        <line num="49" count="0" type="stmt"/>
        <line num="52" count="3" type="cond" truecount="1" falsecount="1"/>
        <line num="54" count="3" type="stmt"/>
        <line num="57" count="2" type="stmt"/>
        <line num="59" count="2" type="stmt"/>
        <line num="65" count="2" type="stmt"/>
      </file>
      <file name="rideService.js" path="/Users/ravishkarodrigo/Downloads/ICBT-Carpooling-System/backend/src/services/rideService.js">
        <metrics statements="55" coveredstatements="50" conditionals="32" coveredconditionals="20" methods="18" coveredmethods="17"/>
        <line num="6" count="7" type="stmt"/>
        <line num="7" count="67" type="stmt"/>
        <line num="9" count="67" type="cond" truecount="1" falsecount="1"/>
        <line num="11" count="67" type="stmt"/>
        <line num="12" count="1" type="stmt"/>
        <line num="15" count="67" type="stmt"/>
        <line num="24" count="1" type="stmt"/>
        <line num="35" count="39" type="stmt"/>
        <line num="42" count="39" type="stmt"/>
        <line num="46" count="4" type="stmt"/>
        <line num="48" count="4" type="stmt"/>
        <line num="54" count="14" type="stmt"/>
        <line num="56" count="14" type="stmt"/>
        <line num="58" count="14" type="stmt"/>
        <line num="64" count="5" type="stmt"/>
        <line num="66" count="5" type="cond" truecount="2" falsecount="0"/>
        <line num="67" count="2" type="stmt"/>
        <line num="70" count="3" type="stmt"/>
        <line num="74" count="2" type="stmt"/>
        <line num="75" count="2" type="stmt"/>
        <line num="78" count="2" type="stmt"/>
        <line num="79" count="2" type="cond" truecount="1" falsecount="1"/>
        <line num="82" count="2" type="stmt"/>
        <line num="86" count="2" type="stmt"/>
        <line num="90" count="2" type="stmt"/>
        <line num="97" count="2" type="stmt"/>
        <line num="99" count="2" type="cond" truecount="3" falsecount="1"/>
        <line num="105" count="2" type="stmt"/>
        <line num="111" count="8" type="stmt"/>
        <line num="113" count="8" type="cond" truecount="1" falsecount="1"/>
        <line num="114" count="0" type="stmt"/>
        <line num="117" count="8" type="cond" truecount="2" falsecount="0"/>
        <line num="118" count="2" type="stmt"/>
        <line num="123" count="6" type="stmt"/>
        <line num="130" count="6" type="stmt"/>
        <line num="134" count="3" type="stmt"/>
        <line num="136" count="3" type="cond" truecount="1" falsecount="1"/>
        <line num="137" count="0" type="stmt"/>
        <line num="140" count="3" type="cond" truecount="2" falsecount="0"/>
        <line num="141" count="2" type="stmt"/>
        <line num="146" count="1" type="stmt"/>
        <line num="153" count="1" type="stmt"/>
        <line num="158" count="3" type="stmt"/>
        <line num="160" count="3" type="cond" truecount="1" falsecount="1"/>
        <line num="161" count="0" type="stmt"/>
        <line num="164" count="3" type="stmt"/>
        <line num="168" count="3" type="cond" truecount="1" falsecount="1"/>
        <line num="169" count="0" type="stmt"/>
        <line num="174" count="3" type="cond" truecount="2" falsecount="0"/>
        <line num="175" count="1" type="stmt"/>
        <line num="180" count="2" type="stmt"/>
        <line num="183" count="2" type="cond" truecount="1" falsecount="1"/>
        <line num="187" count="2" type="stmt"/>
        <line num="196" count="7" type="stmt"/>
        <line num="197" count="0" type="stmt"/>
      </file>
    </package>
    <package name="src.sockets">
      <metrics statements="20" coveredstatements="0" conditionals="6" coveredconditionals="0" methods="5" coveredmethods="0"/>
      <file name="chat.js" path="/Users/ravishkarodrigo/Downloads/ICBT-Carpooling-System/backend/src/sockets/chat.js">
        <metrics statements="20" coveredstatements="0" conditionals="6" coveredconditionals="0" methods="5" coveredmethods="0"/>
        <line num="10" count="0" type="stmt"/>
        <line num="14" count="0" type="stmt"/>
        <line num="15" count="0" type="stmt"/>
        <line num="16" count="0" type="cond" truecount="0" falsecount="2"/>
        <line num="17" count="0" type="stmt"/>
        <line num="18" count="0" type="stmt"/>
        <line num="19" count="0" type="stmt"/>
        <line num="21" count="0" type="stmt"/>
        <line num="25" count="0" type="stmt"/>
        <line num="27" count="0" type="stmt"/>
        <line num="29" count="0" type="stmt"/>
        <line num="30" count="0" type="stmt"/>
        <line num="31" count="0" type="stmt"/>
        <line num="33" count="0" type="stmt"/>
        <line num="34" count="0" type="stmt"/>
        <line num="35" count="0" type="cond" truecount="0" falsecount="2"/>
        <line num="37" count="0" type="cond" truecount="0" falsecount="2"/>
        <line num="41" count="0" type="stmt"/>
        <line num="42" count="0" type="stmt"/>
        <line num="49" count="0" type="stmt"/>
      </file>
    </package>
    <package name="src.utils">
      <metrics statements="40" coveredstatements="32" conditionals="26" coveredconditionals="17" methods="22" coveredmethods="20"/>
      <file name="apiError.js" path="/Users/ravishkarodrigo/Downloads/ICBT-Carpooling-System/backend/src/utils/apiError.js">
        <metrics statements="9" coveredstatements="9" conditionals="4" coveredconditionals="2" methods="6" coveredmethods="6"/>
        <line num="5" count="45" type="stmt"/>
        <line num="6" count="45" type="stmt"/>
        <line num="7" count="45" type="stmt"/>
        <line num="8" count="45" type="stmt"/>
        <line num="11" count="18" type="stmt"/>
        <line num="12" count="15" type="cond" truecount="1" falsecount="0"/>
        <line num="13" count="5" type="cond" truecount="0" falsecount="1"/>
        <line num="14" count="4" type="cond" truecount="0" falsecount="1"/>
        <line num="15" count="3" type="stmt"/>
      </file>
      <file name="matching.js" path="/Users/ravishkarodrigo/Downloads/ICBT-Carpooling-System/backend/src/utils/matching.js">
        <metrics statements="20" coveredstatements="12" conditionals="21" coveredconditionals="14" methods="9" coveredmethods="7"/>
        <line num="7" count="62" type="cond" truecount="0" falsecount="1"/>
        <line num="11" count="0" type="stmt"/>
        <line num="12" count="0" type="stmt"/>
        <line num="13" count="0" type="stmt"/>
        <line num="15" count="0" type="stmt"/>
        <line num="16" count="0" type="stmt"/>
        <line num="17" count="0" type="stmt"/>
        <line num="21" count="28" type="stmt"/>
        <line num="23" count="28" type="cond" truecount="4" falsecount="0"/>
        <line num="24" count="28" type="cond" truecount="4" falsecount="0"/>
        <line num="26" count="28" type="cond" truecount="4" falsecount="0"/>
        <line num="28" count="28" type="cond" truecount="2" falsecount="4"/>
        <line num="29" count="0" type="stmt"/>
        <line num="32" count="0" type="cond" truecount="0" falsecount="2"/>
        <line num="35" count="28" type="stmt"/>
        <line num="39" count="19" type="stmt"/>
        <line num="40" count="28" type="stmt"/>
        <line num="41" count="28" type="stmt"/>
        <line num="42" count="5" type="stmt"/>
        <line num="43" count="18" type="stmt"/>
      </file>
      <file name="password.js" path="/Users/ravishkarodrigo/Downloads/ICBT-Carpooling-System/backend/src/utils/password.js">
        <metrics statements="3" coveredstatements="3" conditionals="0" coveredconditionals="0" methods="2" coveredmethods="2"/>
        <line num="4" count="7" type="stmt"/>
        <line num="6" count="79" type="stmt"/>
        <line num="7" count="7" type="stmt"/>
      </file>
      <file name="respond.js" path="/Users/ravishkarodrigo/Downloads/ICBT-Carpooling-System/backend/src/utils/respond.js">
        <metrics statements="3" coveredstatements="3" conditionals="1" coveredconditionals="1" methods="2" coveredmethods="2"/>
        <line num="2" count="7" type="cond" truecount="1" falsecount="0"/>
        <line num="3" count="172" type="stmt"/>
        <line num="5" count="124" type="stmt"/>
      </file>
      <file name="tokens.js" path="/Users/ravishkarodrigo/Downloads/ICBT-Carpooling-System/backend/src/utils/tokens.js">
        <metrics statements="5" coveredstatements="5" conditionals="0" coveredconditionals="0" methods="3" coveredmethods="3"/>
        <line num="4" count="7" type="stmt"/>
        <line num="5" count="84" type="stmt"/>
        <line num="7" count="7" type="stmt"/>
        <line num="8" count="84" type="stmt"/>
        <line num="12" count="87" type="stmt"/>
      </file>
    </package>
    <package name="src.validation">
      <metrics statements="11" coveredstatements="11" conditionals="0" coveredconditionals="0" methods="1" coveredmethods="1"/>
      <file name="schemas.js" path="/Users/ravishkarodrigo/Downloads/ICBT-Carpooling-System/backend/src/validation/schemas.js">
        <metrics statements="11" coveredstatements="11" conditionals="0" coveredconditionals="0" methods="1" coveredmethods="1"/>
        <line num="3" count="7" type="stmt"/>
        <line num="4" count="7" type="stmt"/>
        <line num="6" count="7" type="stmt"/>
        <line num="17" count="7" type="stmt"/>
        <line num="22" count="7" type="stmt"/>
        <line num="30" count="46" type="stmt"/>
        <line num="35" count="7" type="stmt"/>
        <line num="43" count="7" type="stmt"/>
        <line num="48" count="7" type="stmt"/>
        <line num="52" count="7" type="stmt"/>
        <line num="58" count="7" type="stmt"/>
      </file>
    </package>
  </project>
</coverage>
