<?xml version="1.0" encoding="UTF-8"?>
<coverage generated="1787934748020" clover="3.2.0">
  <project timestamp="1787934748020" name="All files">
    <metrics statements="358" coveredstatements="310" conditionals="173" coveredconditionals="130" methods="129" coveredmethods="111" elements="660" coveredelements="551" complexity="0" loc="358" ncloc="358" packages="9" files="30" classes="30"/>
    <package name="src">
      <metrics statements="9" coveredstatements="9" conditionals="0" coveredconditionals="0" methods="1" coveredmethods="1"/>
      <file name="app.js" path="/Users/ravishkarodrigo/Downloads/ICBT-Carpooling-System/backend/src/app.js">
        <metrics statements="9" coveredstatements="9" conditionals="0" coveredconditionals="0" methods="1" coveredmethods="1"/>
        <line num="12" count="10" type="stmt"/>
        <line num="14" count="10" type="stmt"/>
        <line num="15" count="10" type="stmt"/>
        <line num="16" count="10" type="stmt"/>
        <line num="17" count="10" type="stmt"/>
        <line num="19" count="10" type="stmt"/>
        <line num="21" count="10" type="stmt"/>
        <line num="22" count="10" type="stmt"/>
        <line num="24" count="10" type="stmt"/>
      </file>
    </package>
    <package name="src.controllers">
      <metrics statements="48" coveredstatements="48" conditionals="0" coveredconditionals="0" methods="22" coveredmethods="22"/>
      <file name="asyncHandler.js" path="/Users/ravishkarodrigo/Downloads/ICBT-Carpooling-System/backend/src/controllers/asyncHandler.js">
        <metrics statements="2" coveredstatements="2" conditionals="0" coveredconditionals="0" methods="2" coveredmethods="2"/>
        <line num="2" count="200" type="stmt"/>
        <line num="3" count="816" type="stmt"/>
      </file>
      <file name="authController.js" path="/Users/ravishkarodrigo/Downloads/ICBT-Carpooling-System/backend/src/controllers/authController.js">
        <metrics statements="12" coveredstatements="12" conditionals="0" coveredconditionals="0" methods="4" coveredmethods="4"/>
        <line num="5" count="10" type="stmt"/>
        <line num="6" count="308" type="stmt"/>
        <line num="7" count="306" type="stmt"/>
        <line num="10" count="10" type="stmt"/>
        <line num="11" count="16" type="stmt"/>
        <line num="12" count="8" type="stmt"/>
        <line num="15" count="10" type="stmt"/>
        <line num="16" count="6" type="stmt"/>
        <line num="17" count="6" type="stmt"/>
        <line num="20" count="10" type="stmt"/>
        <line num="21" count="12" type="stmt"/>
        <line num="22" count="12" type="stmt"/>
      </file>
      <file name="messageController.js" path="/Users/ravishkarodrigo/Downloads/ICBT-Carpooling-System/backend/src/controllers/messageController.js">
        <metrics statements="5" coveredstatements="5" conditionals="0" coveredconditionals="0" methods="2" coveredmethods="2"/>
        <line num="5" count="10" type="stmt"/>
        <line num="6" count="14" type="stmt"/>
        <line num="9" count="10" type="stmt"/>
        <line num="10" count="7" type="stmt"/>
        <line num="11" count="7" type="stmt"/>
      </file>
      <file name="notificationController.js" path="/Users/ravishkarodrigo/Downloads/ICBT-Carpooling-System/backend/src/controllers/notificationController.js">
        <metrics statements="4" coveredstatements="4" conditionals="0" coveredconditionals="0" methods="2" coveredmethods="2"/>
        <line num="5" count="10" type="stmt"/>
        <line num="6" count="25" type="stmt"/>
        <line num="9" count="10" type="stmt"/>
        <line num="10" count="4" type="stmt"/>
      </file>
      <file name="requestController.js" path="/Users/ravishkarodrigo/Downloads/ICBT-Carpooling-System/backend/src/controllers/requestController.js">
        <metrics statements="8" coveredstatements="8" conditionals="0" coveredconditionals="0" methods="4" coveredmethods="4"/>
        <line num="5" count="10" type="stmt"/>
        <line num="6" count="88" type="stmt"/>
        <line num="9" count="10" type="stmt"/>
        <line num="10" count="4" type="stmt"/>
        <line num="13" count="10" type="stmt"/>
        <line num="14" count="2" type="stmt"/>
        <line num="17" count="10" type="stmt"/>
        <line num="18" count="60" type="stmt"/>
      </file>
      <file name="rideController.js" path="/Users/ravishkarodrigo/Downloads/ICBT-Carpooling-System/backend/src/controllers/rideController.js">
        <metrics statements="17" coveredstatements="17" conditionals="0" coveredconditionals="0" methods="8" coveredmethods="8"/>
        <line num="5" count="10" type="stmt"/>
        <line num="6" count="147" type="stmt"/>
        <line num="7" count="147" type="stmt"/>
        <line num="10" count="10" type="stmt"/>
        <line num="11" count="13" type="stmt"/>
        <line num="14" count="10" type="stmt"/>
        <line num="15" count="19" type="stmt"/>
        <line num="18" count="10" type="stmt"/>
        <line num="19" count="21" type="stmt"/>
        <line num="22" count="10" type="stmt"/>
        <line num="23" count="4" type="stmt"/>
        <line num="26" count="10" type="stmt"/>
        <line num="27" count="23" type="stmt"/>
        <line num="30" count="10" type="stmt"/>
        <line num="31" count="19" type="stmt"/>
        <line num="34" count="10" type="stmt"/>
        <line num="35" count="24" type="stmt"/>
      </file>
    </package>
    <package name="src.middleware">
      <metrics statements="34" coveredstatements="30" conditionals="29" coveredconditionals="22" methods="9" coveredmethods="7"/>
      <file name="auth.js" path="/Users/ravishkarodrigo/Downloads/ICBT-Carpooling-System/backend/src/middleware/auth.js">
        <metrics statements="15" coveredstatements="12" conditionals="12" coveredconditionals="8" methods="3" coveredmethods="1"/>
        <line num="5" count="10" type="stmt"/>
        <line num="6" count="496" type="cond" truecount="2" falsecount="0"/>
        <line num="7" count="496" type="stmt"/>
        <line num="8" count="496" type="cond" truecount="4" falsecount="0"/>
        <line num="9" count="32" type="stmt"/>
        <line num="11" count="464" type="stmt"/>
        <line num="12" count="464" type="stmt"/>
        <line num="13" count="460" type="cond" truecount="2" falsecount="0"/>
        <line num="14" count="457" type="stmt"/>
        <line num="15" count="457" type="stmt"/>
        <line num="17" count="4" type="stmt"/>
        <line num="22" count="10" type="stmt"/>
        <line num="23" count="0" type="cond" truecount="0" falsecount="4"/>
        <line num="24" count="0" type="stmt"/>
        <line num="26" count="0" type="stmt"/>
      </file>
      <file name="error.js" path="/Users/ravishkarodrigo/Downloads/ICBT-Carpooling-System/backend/src/middleware/error.js">
        <metrics statements="9" coveredstatements="8" conditionals="10" coveredconditionals="9" methods="2" coveredmethods="2"/>
        <line num="4" count="10" type="stmt"/>
        <line num="5" count="4" type="stmt"/>
        <line num="10" count="10" type="stmt"/>
        <line num="11" count="113" type="stmt"/>
        <line num="12" count="113" type="cond" truecount="2" falsecount="0"/>
        <line num="13" count="113" type="stmt"/>
        <line num="20" count="113" type="cond" truecount="3" falsecount="1"/>
        <line num="21" count="0" type="stmt"/>
        <line num="23" count="113" type="stmt"/>
      </file>
      <file name="rateLimit.js" path="/Users/ravishkarodrigo/Downloads/ICBT-Carpooling-System/backend/src/middleware/rateLimit.js">
        <metrics statements="3" coveredstatements="3" conditionals="4" coveredconditionals="2" methods="1" coveredmethods="1"/>
        <line num="4" count="1225" type="stmt"/>
        <line num="7" count="10" type="cond" truecount="1" falsecount="1"/>
        <line num="17" count="10" type="cond" truecount="1" falsecount="1"/>
      </file>
      <file name="validate.js" path="/Users/ravishkarodrigo/Downloads/ICBT-Carpooling-System/backend/src/middleware/validate.js">
        <metrics statements="7" coveredstatements="7" conditionals="3" coveredconditionals="3" methods="3" coveredmethods="3"/>
        <line num="5" count="80" type="cond" truecount="1" falsecount="0"/>
        <line num="6" count="693" type="stmt"/>
        <line num="7" count="693" type="cond" truecount="2" falsecount="0"/>
        <line num="8" count="38" type="stmt"/>
        <line num="12" count="29" type="stmt"/>
        <line num="14" count="664" type="stmt"/>
        <line num="15" count="664" type="stmt"/>
      </file>
    </package>
    <package name="src.models">
      <metrics statements="46" coveredstatements="24" conditionals="28" coveredconditionals="13" methods="25" coveredmethods="14"/>
      <file name="datastore.js" path="/Users/ravishkarodrigo/Downloads/ICBT-Carpooling-System/backend/src/models/datastore.js">
        <metrics statements="46" coveredstatements="24" conditionals="28" coveredconditionals="13" methods="25" coveredmethods="14"/>
        <line num="14" count="517" type="stmt"/>
        <line num="18" count="693" type="cond" truecount="2" falsecount="0"/>
        <line num="19" count="693" type="cond" truecount="2" falsecount="0"/>
        <line num="20" count="693" type="stmt"/>
        <line num="21" count="693" type="stmt"/>
        <line num="25" count="559" type="cond" truecount="2" falsecount="0"/>
        <line num="29" count="146" type="stmt"/>
        <line num="30" count="146" type="cond" truecount="1" falsecount="1"/>
        <line num="31" count="146" type="stmt"/>
        <line num="32" count="146" type="stmt"/>
        <line num="33" count="146" type="stmt"/>
        <line num="37" count="0" type="stmt"/>
        <line num="40" count="0" type="cond" truecount="0" falsecount="1"/>
        <line num="41" count="101" type="stmt"/>
        <line num="45" count="406" type="cond" truecount="2" falsecount="0"/>
        <line num="52" count="0" type="stmt"/>
        <line num="56" count="0" type="cond" truecount="0" falsecount="2"/>
        <line num="57" count="0" type="cond" truecount="0" falsecount="2"/>
        <line num="58" count="0" type="stmt"/>
        <line num="59" count="0" type="stmt"/>
        <line num="63" count="0" type="stmt"/>
        <line num="64" count="0" type="cond" truecount="0" falsecount="2"/>
        <line num="68" count="0" type="stmt"/>
        <line num="69" count="0" type="stmt"/>
        <line num="70" count="0" type="cond" truecount="0" falsecount="2"/>
        <line num="71" count="0" type="stmt"/>
        <line num="72" count="0" type="stmt"/>
        <line num="73" count="0" type="stmt"/>
        <line num="77" count="0" type="stmt"/>
        <line num="78" count="0" type="stmt"/>
        <line num="81" count="0" type="cond" truecount="0" falsecount="1"/>
        <line num="82" count="0" type="stmt"/>
        <line num="83" count="0" type="stmt"/>
        <line num="87" count="0" type="stmt"/>
        <line num="88" count="0" type="cond" truecount="0" falsecount="2"/>
        <line num="93" count="10" type="stmt"/>
        <line num="96" count="1905" type="cond" truecount="2" falsecount="0"/>
        <line num="98" count="517" type="stmt"/>
        <line num="99" count="517" type="stmt"/>
        <line num="103" count="517" type="stmt"/>
        <line num="107" count="924" type="stmt"/>
        <line num="108" count="502" type="stmt"/>
        <line num="109" count="281" type="stmt"/>
        <line num="110" count="20" type="stmt"/>
        <line num="111" count="178" type="stmt"/>
        <line num="115" count="492" type="stmt"/>
      </file>
    </package>
    <package name="src.routes">
      <metrics statements="35" coveredstatements="35" conditionals="0" coveredconditionals="0" methods="1" coveredmethods="1"/>
      <file name="authRoutes.js" path="/Users/ravishkarodrigo/Downloads/ICBT-Carpooling-System/backend/src/routes/authRoutes.js">
        <metrics statements="5" coveredstatements="5" conditionals="0" coveredconditionals="0" methods="0" coveredmethods="0"/>
        <line num="8" count="10" type="stmt"/>
        <line num="9" count="10" type="stmt"/>
        <line num="10" count="10" type="stmt"/>
        <line num="11" count="10" type="stmt"/>
        <line num="12" count="10" type="stmt"/>
      </file>
      <file name="index.js" path="/Users/ravishkarodrigo/Downloads/ICBT-Carpooling-System/backend/src/routes/index.js">
        <metrics statements="7" coveredstatements="7" conditionals="0" coveredconditionals="0" methods="1" coveredmethods="1"/>
        <line num="8" count="10" type="stmt"/>
        <line num="9" count="10" type="stmt"/>
        <line num="10" count="10" type="stmt"/>
        <line num="11" count="10" type="stmt"/>
        <line num="12" count="10" type="stmt"/>
        <line num="13" count="10" type="stmt"/>
        <line num="14" count="10" type="stmt"/>
      </file>
      <file name="messageRoutes.js" path="/Users/ravishkarodrigo/Downloads/ICBT-Carpooling-System/backend/src/routes/messageRoutes.js">
        <metrics statements="4" coveredstatements="4" conditionals="0" coveredconditionals="0" methods="0" coveredmethods="0"/>
        <line num="7" count="10" type="stmt"/>
        <line num="8" count="10" type="stmt"/>
        <line num="9" count="10" type="stmt"/>
        <line num="10" count="10" type="stmt"/>
      </file>
      <file name="notificationRoutes.js" path="/Users/ravishkarodrigo/Downloads/ICBT-Carpooling-System/backend/src/routes/notificationRoutes.js">
        <metrics statements="4" coveredstatements="4" conditionals="0" coveredconditionals="0" methods="0" coveredmethods="0"/>
        <line num="5" count="10" type="stmt"/>
        <line num="6" count="10" type="stmt"/>
        <line num="7" count="10" type="stmt"/>
        <line num="8" count="10" type="stmt"/>
      </file>
      <file name="requestRoutes.js" path="/Users/ravishkarodrigo/Downloads/ICBT-Carpooling-System/backend/src/routes/requestRoutes.js">
        <metrics statements="6" coveredstatements="6" conditionals="0" coveredconditionals="0" methods="0" coveredmethods="0"/>
        <line num="7" count="10" type="stmt"/>
        <line num="8" count="10" type="stmt"/>
        <line num="9" count="10" type="stmt"/>
        <line num="10" count="10" type="stmt"/>
        <line num="11" count="10" type="stmt"/>
        <line num="12" count="10" type="stmt"/>
      </file>
      <file name="rideRoutes.js" path="/Users/ravishkarodrigo/Downloads/ICBT-Carpooling-System/backend/src/routes/rideRoutes.js">
        <metrics statements="9" coveredstatements="9" conditionals="0" coveredconditionals="0" methods="0" coveredmethods="0"/>
        <line num="7" count="10" type="stmt"/>
        <line num="8" count="10" type="stmt"/>
        <line num="9" count="10" type="stmt"/>
        <line num="10" count="10" type="stmt"/>
        <line num="11" count="10" type="stmt"/>
        <line num="12" count="10" type="stmt"/>
        <line num="13" count="10" type="stmt"/>
        <line num="14" count="10" type="stmt"/>
        <line num="15" count="10" type="stmt"/>
      </file>
    </package>
    <package name="src.services">
      <metrics statements="115" coveredstatements="113" conditionals="84" coveredconditionals="72" methods="43" coveredmethods="43"/>
      <file name="authService.js" path="/Users/ravishkarodrigo/Downloads/ICBT-Carpooling-System/backend/src/services/authService.js">
        <metrics statements="19" coveredstatements="19" conditionals="14" coveredconditionals="12" methods="8" coveredmethods="8"/>
        <line num="6" count="332" type="stmt"/>
        <line num="17" count="308" type="stmt"/>
        <line num="18" count="308" type="cond" truecount="2" falsecount="0"/>
        <line num="20" count="306" type="stmt"/>
        <line num="21" count="306" type="stmt"/>
        <line num="28" count="306" type="stmt"/>
        <line num="32" count="16" type="stmt"/>
        <line num="34" count="16" type="cond" truecount="2" falsecount="0"/>
        <line num="36" count="12" type="stmt"/>
        <line num="37" count="12" type="cond" truecount="2" falsecount="0"/>
        <line num="39" count="8" type="stmt"/>
        <line num="43" count="6" type="stmt"/>
        <line num="44" count="6" type="cond" truecount="1" falsecount="1"/>
        <line num="45" count="6" type="stmt"/>
        <line num="49" count="12" type="stmt"/>
        <line num="50" count="12" type="cond" truecount="1" falsecount="1"/>
        <line num="51" count="12" type="stmt"/>
        <line num="55" count="314" type="stmt"/>
        <line num="56" count="314" type="stmt"/>
      </file>
      <file name="messageService.js" path="/Users/ravishkarodrigo/Downloads/ICBT-Carpooling-System/backend/src/services/messageService.js">
        <metrics statements="12" coveredstatements="12" conditionals="11" coveredconditionals="9" methods="5" coveredmethods="5"/>
        <line num="9" count="14" type="cond" truecount="1" falsecount="1"/>
        <line num="10" count="14" type="cond" truecount="2" falsecount="0"/>
        <line num="11" count="1" type="stmt"/>
        <line num="16" count="14" type="stmt"/>
        <line num="17" count="14" type="cond" truecount="1" falsecount="1"/>
        <line num="18" count="14" type="stmt"/>
        <line num="20" count="13" type="stmt"/>
        <line num="21" count="13" type="stmt"/>
        <line num="26" count="13" type="stmt"/>
        <line num="30" count="7" type="stmt"/>
        <line num="32" count="5" type="cond" truecount="5" falsecount="0"/>
        <line num="36" count="7" type="stmt"/>
      </file>
      <file name="notificationService.js" path="/Users/ravishkarodrigo/Downloads/ICBT-Carpooling-System/backend/src/services/notificationService.js">
        <metrics statements="6" coveredstatements="6" conditionals="6" coveredconditionals="5" methods="5" coveredmethods="5"/>
        <line num="4" count="146" type="cond" truecount="1" falsecount="1"/>
        <line num="8" count="38" type="stmt"/>
        <line num="9" count="25" type="stmt"/>
        <line num="13" count="4" type="stmt"/>
        <line num="14" count="4" type="cond" truecount="4" falsecount="0"/>
        <line num="15" count="3" type="stmt"/>
      </file>
      <file name="requestService.js" path="/Users/ravishkarodrigo/Downloads/ICBT-Carpooling-System/backend/src/services/requestService.js">
        <metrics statements="23" coveredstatements="23" conditionals="21" coveredconditionals="21" methods="7" coveredmethods="7"/>
        <line num="7" count="88" type="stmt"/>
        <line num="8" count="88" type="cond" truecount="2" falsecount="0"/>
        <line num="9" count="87" type="cond" truecount="2" falsecount="0"/>
        <line num="10" count="85" type="cond" truecount="2" falsecount="0"/>
        <line num="12" count="82" type="stmt"/>
        <line num="13" count="10" type="cond" truecount="3" falsecount="0"/>
        <line num="15" count="82" type="cond" truecount="2" falsecount="0"/>
        <line num="17" count="81" type="stmt"/>
        <line num="25" count="81" type="stmt"/>
        <line num="31" count="81" type="stmt"/>
        <line num="35" count="4" type="stmt"/>
        <line num="39" count="2" type="stmt"/>
        <line num="43" count="60" type="stmt"/>
        <line num="44" count="60" type="cond" truecount="2" falsecount="0"/>
        <line num="45" count="59" type="cond" truecount="2" falsecount="0"/>
        <line num="46" count="4" type="stmt"/>
        <line num="48" count="55" type="cond" truecount="2" falsecount="0"/>
        <line num="49" count="1" type="stmt"/>
        <line num="52" count="54" type="cond" truecount="2" falsecount="0"/>
        <line num="54" count="47" type="stmt"/>
        <line num="57" count="52" type="stmt"/>
        <line num="59" count="52" type="stmt"/>
        <line num="65" count="52" type="stmt"/>
      </file>
      <file name="rideService.js" path="/Users/ravishkarodrigo/Downloads/ICBT-Carpooling-System/backend/src/services/rideService.js">
        <metrics statements="55" coveredstatements="53" conditionals="32" coveredconditionals="25" methods="18" coveredmethods="18"/>
        <line num="6" count="10" type="stmt"/>
        <line num="7" count="244" type="stmt"/>
        <line num="9" count="244" type="cond" truecount="1" falsecount="1"/>
        <line num="11" count="244" type="stmt"/>
        <line num="12" count="32" type="stmt"/>
        <line num="15" count="244" type="stmt"/>
        <line num="24" count="32" type="stmt"/>
        <line num="35" count="147" type="stmt"/>
        <line num="42" count="147" type="stmt"/>
        <line num="46" count="13" type="stmt"/>
        <line num="48" count="13" type="stmt"/>
        <line num="54" count="19" type="stmt"/>
        <line num="56" count="19" type="stmt"/>
        <line num="58" count="19" type="stmt"/>
        <line num="64" count="21" type="stmt"/>
        <line num="66" count="21" type="cond" truecount="2" falsecount="0"/>
        <line num="67" count="5" type="stmt"/>
        <line num="70" count="16" type="stmt"/>
        <line num="74" count="4" type="stmt"/>
        <line num="75" count="4" type="stmt"/>
        <line num="78" count="4" type="stmt"/>
        <line num="79" count="4" type="cond" truecount="1" falsecount="1"/>
        <line num="82" count="4" type="stmt"/>
        <line num="86" count="4" type="stmt"/>
        <line num="90" count="4" type="stmt"/>
        <line num="97" count="23" type="stmt"/>
        <line num="99" count="28" type="cond" truecount="4" falsecount="0"/>
        <line num="105" count="23" type="stmt"/>
        <line num="111" count="19" type="stmt"/>
        <line num="113" count="19" type="cond" truecount="2" falsecount="0"/>
        <line num="114" count="1" type="stmt"/>
        <line num="117" count="18" type="cond" truecount="2" falsecount="0"/>
        <line num="118" count="4" type="stmt"/>
        <line num="123" count="14" type="stmt"/>
        <line num="130" count="14" type="stmt"/>
        <line num="134" count="24" type="stmt"/>
        <line num="136" count="24" type="cond" truecount="2" falsecount="0"/>
        <line num="137" count="1" type="stmt"/>
        <line num="140" count="23" type="cond" truecount="2" falsecount="0"/>
        <line num="141" count="3" type="stmt"/>
        <line num="146" count="20" type="stmt"/>
        <line num="153" count="20" type="stmt"/>
        <line num="158" count="47" type="stmt"/>
        <line num="160" count="47" type="cond" truecount="1" falsecount="1"/>
        <line num="161" count="0" type="stmt"/>
        <line num="164" count="47" type="stmt"/>
        <line num="168" count="47" type="cond" truecount="1" falsecount="1"/>
        <line num="169" count="0" type="stmt"/>
        <line num="174" count="47" type="cond" truecount="2" falsecount="0"/>
        <line num="175" count="2" type="stmt"/>
        <line num="180" count="45" type="stmt"/>
        <line num="183" count="45" type="cond" truecount="2" falsecount="0"/>
        <line num="187" count="45" type="stmt"/>
        <line num="196" count="10" type="stmt"/>
        <line num="197" count="5" type="stmt"/>
      </file>
    </package>
    <package name="src.sockets">
      <metrics statements="20" coveredstatements="0" conditionals="6" coveredconditionals="0" methods="5" coveredmethods="0"/>
      <file name="chat.js" path="/Users/ravishkarodrigo/Downloads/ICBT-Carpooling-System/backend/src/sockets/chat.js">
        <metrics statements="20" coveredstatements="0" conditionals="6" coveredconditionals="0" methods="5" coveredmethods="0"/>
        <line num="10" count="0" type="stmt"/>
        <line num="14" count="0" type="stmt"/>
        <line num="15" count="0" type="stmt"/>
        <line num="16" count="0" type="cond" truecount="0" falsecount="2"/>
        <line num="17" count="0" type="stmt"/>
        <line num="18" count="0" type="stmt"/>
        <line num="19" count="0" type="stmt"/>
        <line num="21" count="0" type="stmt"/>
        <line num="25" count="0" type="stmt"/>
        <line num="27" count="0" type="stmt"/>
        <line num="29" count="0" type="stmt"/>
        <line num="30" count="0" type="stmt"/>
        <line num="31" count="0" type="stmt"/>
        <line num="33" count="0" type="stmt"/>
        <line num="34" count="0" type="stmt"/>
        <line num="35" count="0" type="cond" truecount="0" falsecount="2"/>
        <line num="37" count="0" type="cond" truecount="0" falsecount="2"/>
        <line num="41" count="0" type="stmt"/>
        <line num="42" count="0" type="stmt"/>
        <line num="49" count="0" type="stmt"/>
      </file>
    </package>
    <package name="src.utils">
      <metrics statements="40" coveredstatements="40" conditionals="26" coveredconditionals="23" methods="22" coveredmethods="22"/>
      <file name="apiError.js" path="/Users/ravishkarodrigo/Downloads/ICBT-Carpooling-System/backend/src/utils/apiError.js">
        <metrics statements="9" coveredstatements="9" conditionals="4" coveredconditionals="2" methods="6" coveredmethods="6"/>
        <line num="5" count="112" type="stmt"/>
        <line num="6" count="112" type="stmt"/>
        <line num="7" count="112" type="stmt"/>
        <line num="8" count="112" type="stmt"/>
        <line num="11" count="31" type="stmt"/>
        <line num="12" count="47" type="cond" truecount="1" falsecount="0"/>
        <line num="13" count="12" type="cond" truecount="0" falsecount="1"/>
        <line num="14" count="13" type="cond" truecount="0" falsecount="1"/>
        <line num="15" count="9" type="stmt"/>
      </file>
      <file name="matching.js" path="/Users/ravishkarodrigo/Downloads/ICBT-Carpooling-System/backend/src/utils/matching.js">
        <metrics statements="20" coveredstatements="20" conditionals="21" coveredconditionals="20" methods="9" coveredmethods="9"/>
        <line num="7" count="148" type="cond" truecount="0" falsecount="1"/>
        <line num="11" count="4" type="stmt"/>
        <line num="12" count="16" type="stmt"/>
        <line num="13" count="16" type="stmt"/>
        <line num="15" count="4" type="stmt"/>
        <line num="16" count="4" type="stmt"/>
        <line num="17" count="4" type="stmt"/>
        <line num="21" count="66" type="stmt"/>
        <line num="23" count="66" type="cond" truecount="4" falsecount="0"/>
        <line num="24" count="66" type="cond" truecount="4" falsecount="0"/>
        <line num="26" count="66" type="cond" truecount="4" falsecount="0"/>
        <line num="28" count="66" type="cond" truecount="6" falsecount="0"/>
        <line num="29" count="4" type="stmt"/>
        <line num="32" count="4" type="cond" truecount="2" falsecount="0"/>
        <line num="35" count="66" type="stmt"/>
        <line num="39" count="31" type="stmt"/>
        <line num="40" count="49" type="stmt"/>
        <line num="41" count="49" type="stmt"/>
        <line num="42" count="8" type="stmt"/>
        <line num="43" count="29" type="stmt"/>
      </file>
      <file name="password.js" path="/Users/ravishkarodrigo/Downloads/ICBT-Carpooling-System/backend/src/utils/password.js">
        <metrics statements="3" coveredstatements="3" conditionals="0" coveredconditionals="0" methods="2" coveredmethods="2"/>
        <line num="4" count="10" type="stmt"/>
        <line num="6" count="306" type="stmt"/>
        <line num="7" count="12" type="stmt"/>
      </file>
      <file name="respond.js" path="/Users/ravishkarodrigo/Downloads/ICBT-Carpooling-System/backend/src/utils/respond.js">
        <metrics statements="3" coveredstatements="3" conditionals="1" coveredconditionals="1" methods="2" coveredmethods="2"/>
        <line num="2" count="10" type="cond" truecount="1" falsecount="0"/>
        <line num="3" count="776" type="stmt"/>
        <line num="5" count="547" type="stmt"/>
      </file>
      <file name="tokens.js" path="/Users/ravishkarodrigo/Downloads/ICBT-Carpooling-System/backend/src/utils/tokens.js">
        <metrics statements="5" coveredstatements="5" conditionals="0" coveredconditionals="0" methods="3" coveredmethods="3"/>
        <line num="4" count="10" type="stmt"/>
        <line num="5" count="314" type="stmt"/>
        <line num="7" count="10" type="stmt"/>
        <line num="8" count="314" type="stmt"/>
        <line num="12" count="464" type="stmt"/>
      </file>
    </package>
    <package name="src.validation">
      <metrics statements="11" coveredstatements="11" conditionals="0" coveredconditionals="0" methods="1" coveredmethods="1"/>
      <file name="schemas.js" path="/Users/ravishkarodrigo/Downloads/ICBT-Carpooling-System/backend/src/validation/schemas.js">
        <metrics statements="11" coveredstatements="11" conditionals="0" coveredconditionals="0" methods="1" coveredmethods="1"/>
        <line num="3" count="10" type="stmt"/>
        <line num="4" count="10" type="stmt"/>
        <line num="6" count="10" type="stmt"/>
        <line num="17" count="10" type="stmt"/>
        <line num="22" count="10" type="stmt"/>
        <line num="30" count="154" type="stmt"/>
        <line num="35" count="10" type="stmt"/>
        <line num="43" count="10" type="stmt"/>
        <line num="48" count="10" type="stmt"/>
        <line num="52" count="10" type="stmt"/>
        <line num="58" count="10" type="stmt"/>
      </file>
    </package>
  </project>
</coverage>
