{"/Users/ravishkarodrigo/Downloads/ICBT-Carpooling-System/backend/src/app.js": {"path":"/Users/ravishkarodrigo/Downloads/ICBT-Carpooling-System/backend/src/app.js","statementMap":{"0":{"start":{"line":12,"column":14},"end":{"line":12,"column":23}},"1":{"start":{"line":14,"column":2},"end":{"line":14,"column":20}},"2":{"start":{"line":15,"column":2},"end":{"line":15,"column":68}},"3":{"start":{"line":16,"column":2},"end":{"line":16,"column":42}},"4":{"start":{"line":17,"column":2},"end":{"line":17,"column":30}},"5":{"start":{"line":19,"column":2},"end":{"line":19,"column":26}},"6":{"start":{"line":21,"column":2},"end":{"line":21,"column":27}},"7":{"start":{"line":22,"column":2},"end":{"line":22,"column":24}},"8":{"start":{"line":24,"column":2},"end":{"line":24,"column":13}}},"fnMap":{"0":{"name":"createApp","decl":{"start":{"line":11,"column":16},"end":{"line":11,"column":25}},"loc":{"start":{"line":11,"column":28},"end":{"line":25,"column":1}},"line":11}},"branchMap":{},"s":{"0":7,"1":7,"2":7,"3":7,"4":7,"5":7,"6":7,"7":7,"8":7},"f":{"0":7},"b":{},"inputSourceMap":null,"_coverageSchema":"1a1c01bbd47fc00a2c39e90264f33305004495a9","hash":"188cf8fc19d0410c186cbd0679a98a611abf1c96"}
,"/Users/ravishkarodrigo/Downloads/ICBT-Carpooling-System/backend/src/controllers/asyncHandler.js": {"path":"/Users/ravishkarodrigo/Downloads/ICBT-Carpooling-System/backend/src/controllers/asyncHandler.js","statementMap":{"0":{"start":{"line":2,"column":28},"end":{"line":3,"column":49}},"1":{"start":{"line":2,"column":36},"end":{"line":3,"column":49}},"2":{"start":{"line":3,"column":2},"end":{"line":3,"column":49}}},"fnMap":{"0":{"name":"(anonymous_0)","decl":{"start":{"line":2,"column":28},"end":{"line":2,"column":29}},"loc":{"start":{"line":2,"column":36},"end":{"line":3,"column":49}},"line":2},"1":{"name":"(anonymous_1)","decl":{"start":{"line":2,"column":36},"end":{"line":2,"column":37}},"loc":{"start":{"line":3,"column":2},"end":{"line":3,"column":49}},"line":3}},"branchMap":{},"s":{"0":7,"1":140,"2":186},"f":{"0":140,"1":186},"b":{},"inputSourceMap":null,"_coverageSchema":"1a1c01bbd47fc00a2c39e90264f33305004495a9","hash":"67ea6e778e6d5391a93e85481a2ed4fcb7ce5a52"}
,"/Users/ravishkarodrigo/Downloads/ICBT-Carpooling-System/backend/src/controllers/authController.js": {"path":"/Users/ravishkarodrigo/Downloads/ICBT-Carpooling-System/backend/src/controllers/authController.js","statementMap":{"0":{"start":{"line":5,"column":24},"end":{"line":8,"column":2}},"1":{"start":{"line":6,"column":17},"end":{"line":6,"column":53}},"2":{"start":{"line":7,"column":2},"end":{"line":7,"column":23}},"3":{"start":{"line":10,"column":21},"end":{"line":13,"column":2}},"4":{"start":{"line":11,"column":17},"end":{"line":11,"column":50}},"5":{"start":{"line":12,"column":2},"end":{"line":12,"column":18}},"6":{"start":{"line":15,"column":18},"end":{"line":18,"column":2}},"7":{"start":{"line":16,"column":18},"end":{"line":16,"column":59}},"8":{"start":{"line":17,"column":2},"end":{"line":17,"column":19}},"9":{"start":{"line":20,"column":29},"end":{"line":23,"column":2}},"10":{"start":{"line":21,"column":18},"end":{"line":21,"column":72}},"11":{"start":{"line":22,"column":2},"end":{"line":22,"column":19}}},"fnMap":{"0":{"name":"(anonymous_0)","decl":{"start":{"line":5,"column":37},"end":{"line":5,"column":38}},"loc":{"start":{"line":5,"column":57},"end":{"line":8,"column":1}},"line":5},"1":{"name":"(anonymous_1)","decl":{"start":{"line":10,"column":34},"end":{"line":10,"column":35}},"loc":{"start":{"line":10,"column":54},"end":{"line":13,"column":1}},"line":10},"2":{"name":"(anonymous_2)","decl":{"start":{"line":15,"column":31},"end":{"line":15,"column":32}},"loc":{"start":{"line":15,"column":51},"end":{"line":18,"column":1}},"line":15},"3":{"name":"(anonymous_3)","decl":{"start":{"line":20,"column":42},"end":{"line":20,"column":43}},"loc":{"start":{"line":20,"column":62},"end":{"line":23,"column":1}},"line":20}},"branchMap":{},"s":{"0":7,"1":81,"2":79,"3":7,"4":8,"5":5,"6":7,"7":3,"8":3,"9":7,"10":1,"11":1},"f":{"0":81,"1":8,"2":3,"3":1},"b":{},"inputSourceMap":null,"_coverageSchema":"1a1c01bbd47fc00a2c39e90264f33305004495a9","hash":"3d8237ca32e0e466346c2f2777d4e0c76f445d9f"}
,"/Users/ravishkarodrigo/Downloads/ICBT-Carpooling-System/backend/src/controllers/messageController.js": {"path":"/Users/ravishkarodrigo/Downloads/ICBT-Carpooling-System/backend/src/controllers/messageController.js","statementMap":{"0":{"start":{"line":5,"column":20},"end":{"line":7,"column":2}},"1":{"start":{"line":6,"column":2},"end":{"line":6,"column":72}},"2":{"start":{"line":9,"column":28},"end":{"line":12,"column":2}},"3":{"start":{"line":10,"column":34},"end":{"line":10,"column":44}},"4":{"start":{"line":11,"column":2},"end":{"line":11,"column":82}}},"fnMap":{"0":{"name":"(anonymous_0)","decl":{"start":{"line":5,"column":33},"end":{"line":5,"column":34}},"loc":{"start":{"line":5,"column":53},"end":{"line":7,"column":1}},"line":5},"1":{"name":"(anonymous_1)","decl":{"start":{"line":9,"column":41},"end":{"line":9,"column":42}},"loc":{"start":{"line":9,"column":61},"end":{"line":12,"column":1}},"line":9}},"branchMap":{},"s":{"0":7,"1":0,"2":7,"3":1,"4":1},"f":{"0":0,"1":1},"b":{},"inputSourceMap":null,"_coverageSchema":"1a1c01bbd47fc00a2c39e90264f33305004495a9","hash":"2665762fde983db1249f4ec32dc10a9298759770"}
,"/Users/ravishkarodrigo/Downloads/ICBT-Carpooling-System/backend/src/controllers/notificationController.js": {"path":"/Users/ravishkarodrigo/Downloads/ICBT-Carpooling-System/backend/src/controllers/notificationController.js","statementMap":{"0":{"start":{"line":5,"column":20},"end":{"line":7,"column":2}},"1":{"start":{"line":6,"column":2},"end":{"line":6,"column":68}},"2":{"start":{"line":9,"column":24},"end":{"line":11,"column":2}},"3":{"start":{"line":10,"column":2},"end":{"line":10,"column":74}}},"fnMap":{"0":{"name":"(anonymous_0)","decl":{"start":{"line":5,"column":33},"end":{"line":5,"column":34}},"loc":{"start":{"line":5,"column":53},"end":{"line":7,"column":1}},"line":5},"1":{"name":"(anonymous_1)","decl":{"start":{"line":9,"column":37},"end":{"line":9,"column":38}},"loc":{"start":{"line":9,"column":57},"end":{"line":11,"column":1}},"line":9}},"branchMap":{},"s":{"0":7,"1":3,"2":7,"3":1},"f":{"0":3,"1":1},"b":{},"inputSourceMap":null,"_coverageSchema":"1a1c01bbd47fc00a2c39e90264f33305004495a9","hash":"bb12e7168e1d0a48af9b823dde73c5c21ae0ae8d"}
,"/Users/ravishkarodrigo/Downloads/ICBT-Carpooling-System/backend/src/controllers/requestController.js": {"path":"/Users/ravishkarodrigo/Downloads/ICBT-Carpooling-System/backend/src/controllers/requestController.js","statementMap":{"0":{"start":{"line":5,"column":22},"end":{"line":7,"column":2}},"1":{"start":{"line":6,"column":2},"end":{"line":6,"column":74}},"2":{"start":{"line":9,"column":25},"end":{"line":11,"column":2}},"3":{"start":{"line":10,"column":2},"end":{"line":10,"column":67}},"4":{"start":{"line":13,"column":28},"end":{"line":15,"column":2}},"5":{"start":{"line":14,"column":2},"end":{"line":14,"column":70}},"6":{"start":{"line":17,"column":22},"end":{"line":19,"column":2}},"7":{"start":{"line":18,"column":2},"end":{"line":18,"column":93}}},"fnMap":{"0":{"name":"(anonymous_0)","decl":{"start":{"line":5,"column":35},"end":{"line":5,"column":36}},"loc":{"start":{"line":5,"column":55},"end":{"line":7,"column":1}},"line":5},"1":{"name":"(anonymous_1)","decl":{"start":{"line":9,"column":38},"end":{"line":9,"column":39}},"loc":{"start":{"line":9,"column":58},"end":{"line":11,"column":1}},"line":9},"2":{"name":"(anonymous_2)","decl":{"start":{"line":13,"column":41},"end":{"line":13,"column":42}},"loc":{"start":{"line":13,"column":61},"end":{"line":15,"column":1}},"line":13},"3":{"name":"(anonymous_3)","decl":{"start":{"line":17,"column":35},"end":{"line":17,"column":36}},"loc":{"start":{"line":17,"column":55},"end":{"line":19,"column":1}},"line":17}},"branchMap":{},"s":{"0":7,"1":7,"2":7,"3":0,"4":7,"5":0,"6":7,"7":4},"f":{"0":7,"1":0,"2":0,"3":4},"b":{},"inputSourceMap":null,"_coverageSchema":"1a1c01bbd47fc00a2c39e90264f33305004495a9","hash":"5cca8037fbc47e47ddf9e7802c2179dc6c6a9d73"}
,"/Users/ravishkarodrigo/Downloads/ICBT-Carpooling-System/backend/src/controllers/rideController.js": {"path":"/Users/ravishkarodrigo/Downloads/ICBT-Carpooling-System/backend/src/controllers/rideController.js","statementMap":{"0":{"start":{"line":5,"column":22},"end":{"line":8,"column":2}},"1":{"start":{"line":6,"column":15},"end":{"line":6,"column":66}},"2":{"start":{"line":7,"column":2},"end":{"line":7,"column":21}},"3":{"start":{"line":10,"column":20},"end":{"line":12,"column":2}},"4":{"start":{"line":11,"column":2},"end":{"line":11,"column":45}},"5":{"start":{"line":14,"column":22},"end":{"line":16,"column":2}},"6":{"start":{"line":15,"column":2},"end":{"line":15,"column":52}},"7":{"start":{"line":18,"column":22},"end":{"line":20,"column":2}},"8":{"start":{"line":19,"column":2},"end":{"line":19,"column":52}},"9":{"start":{"line":22,"column":20},"end":{"line":24,"column":2}},"10":{"start":{"line":23,"column":2},"end":{"line":23,"column":53}},"11":{"start":{"line":26,"column":23},"end":{"line":28,"column":2}},"12":{"start":{"line":27,"column":2},"end":{"line":27,"column":57}},"13":{"start":{"line":30,"column":22},"end":{"line":32,"column":2}},"14":{"start":{"line":31,"column":2},"end":{"line":31,"column":68}},"15":{"start":{"line":34,"column":24},"end":{"line":36,"column":2}},"16":{"start":{"line":35,"column":2},"end":{"line":35,"column":70}}},"fnMap":{"0":{"name":"(anonymous_0)","decl":{"start":{"line":5,"column":35},"end":{"line":5,"column":36}},"loc":{"start":{"line":5,"column":55},"end":{"line":8,"column":1}},"line":5},"1":{"name":"(anonymous_1)","decl":{"start":{"line":10,"column":33},"end":{"line":10,"column":34}},"loc":{"start":{"line":10,"column":54},"end":{"line":12,"column":1}},"line":10},"2":{"name":"(anonymous_2)","decl":{"start":{"line":14,"column":35},"end":{"line":14,"column":36}},"loc":{"start":{"line":14,"column":55},"end":{"line":16,"column":1}},"line":14},"3":{"name":"(anonymous_3)","decl":{"start":{"line":18,"column":35},"end":{"line":18,"column":36}},"loc":{"start":{"line":18,"column":55},"end":{"line":20,"column":1}},"line":18},"4":{"name":"(anonymous_4)","decl":{"start":{"line":22,"column":33},"end":{"line":22,"column":34}},"loc":{"start":{"line":22,"column":53},"end":{"line":24,"column":1}},"line":22},"5":{"name":"(anonymous_5)","decl":{"start":{"line":26,"column":36},"end":{"line":26,"column":37}},"loc":{"start":{"line":26,"column":56},"end":{"line":28,"column":1}},"line":26},"6":{"name":"(anonymous_6)","decl":{"start":{"line":30,"column":35},"end":{"line":30,"column":36}},"loc":{"start":{"line":30,"column":55},"end":{"line":32,"column":1}},"line":30},"7":{"name":"(anonymous_7)","decl":{"start":{"line":34,"column":37},"end":{"line":34,"column":38}},"loc":{"start":{"line":34,"column":57},"end":{"line":36,"column":1}},"line":34}},"branchMap":{},"s":{"0":7,"1":39,"2":39,"3":7,"4":4,"5":7,"6":14,"7":7,"8":5,"9":7,"10":2,"11":7,"12":2,"13":7,"14":8,"15":7,"16":3},"f":{"0":39,"1":4,"2":14,"3":5,"4":2,"5":2,"6":8,"7":3},"b":{},"inputSourceMap":null,"_coverageSchema":"1a1c01bbd47fc00a2c39e90264f33305004495a9","hash":"d2540f7cb6183f6eecd63c59dd5833d6d96155e6"}
,"/Users/ravishkarodrigo/Downloads/ICBT-Carpooling-System/backend/src/middleware/auth.js": {"path":"/Users/ravishkarodrigo/Downloads/ICBT-Carpooling-System/backend/src/middleware/auth.js","statementMap":{"0":{"start":{"line":5,"column":27},"end":{"line":19,"column":1}},"1":{"start":{"line":6,"column":17},"end":{"line":6,"column":48}},"2":{"start":{"line":7,"column":26},"end":{"line":7,"column":43}},"3":{"start":{"line":8,"column":2},"end":{"line":10,"column":3}},"4":{"start":{"line":9,"column":4},"end":{"line":9,"column":41}},"5":{"start":{"line":11,"column":2},"end":{"line":18,"column":3}},"6":{"start":{"line":12,"column":20},"end":{"line":12,"column":38}},"7":{"start":{"line":13,"column":4},"end":{"line":13,"column":91}},"8":{"start":{"line":13,"column":36},"end":{"line":13,"column":91}},"9":{"start":{"line":14,"column":4},"end":{"line":14,"column":23}},"10":{"start":{"line":15,"column":4},"end":{"line":15,"column":11}},"11":{"start":{"line":17,"column":4},"end":{"line":17,"column":60}},"12":{"start":{"line":22,"column":27},"end":{"line":27,"column":1}},"13":{"start":{"line":22,"column":41},"end":{"line":27,"column":1}},"14":{"start":{"line":23,"column":2},"end":{"line":25,"column":3}},"15":{"start":{"line":24,"column":4},"end":{"line":24,"column":38}},"16":{"start":{"line":26,"column":2},"end":{"line":26,"column":9}}},"fnMap":{"0":{"name":"(anonymous_0)","decl":{"start":{"line":5,"column":27},"end":{"line":5,"column":28}},"loc":{"start":{"line":5,"column":48},"end":{"line":19,"column":1}},"line":5},"1":{"name":"(anonymous_1)","decl":{"start":{"line":22,"column":27},"end":{"line":22,"column":28}},"loc":{"start":{"line":22,"column":41},"end":{"line":27,"column":1}},"line":22},"2":{"name":"(anonymous_2)","decl":{"start":{"line":22,"column":41},"end":{"line":22,"column":42}},"loc":{"start":{"line":22,"column":62},"end":{"line":27,"column":1}},"line":22}},"branchMap":{"0":{"loc":{"start":{"line":6,"column":17},"end":{"line":6,"column":48}},"type":"binary-expr","locations":[{"start":{"line":6,"column":17},"end":{"line":6,"column":42}},{"start":{"line":6,"column":46},"end":{"line":6,"column":48}}],"line":6},"1":{"loc":{"start":{"line":8,"column":2},"end":{"line":10,"column":3}},"type":"if","locations":[{"start":{"line":8,"column":2},"end":{"line":10,"column":3}},{"start":{},"end":{}}],"line":8},"2":{"loc":{"start":{"line":8,"column":6},"end":{"line":8,"column":35}},"type":"binary-expr","locations":[{"start":{"line":8,"column":6},"end":{"line":8,"column":25}},{"start":{"line":8,"column":29},"end":{"line":8,"column":35}}],"line":8},"3":{"loc":{"start":{"line":13,"column":4},"end":{"line":13,"column":91}},"type":"if","locations":[{"start":{"line":13,"column":4},"end":{"line":13,"column":91}},{"start":{},"end":{}}],"line":13},"4":{"loc":{"start":{"line":23,"column":2},"end":{"line":25,"column":3}},"type":"if","locations":[{"start":{"line":23,"column":2},"end":{"line":25,"column":3}},{"start":{},"end":{}}],"line":23},"5":{"loc":{"start":{"line":23,"column":6},"end":{"line":23,"column":49}},"type":"binary-expr","locations":[{"start":{"line":23,"column":6},"end":{"line":23,"column":15}},{"start":{"line":23,"column":19},"end":{"line":23,"column":49}}],"line":23}},"s":{"0":7,"1":95,"2":95,"3":95,"4":8,"5":87,"6":87,"7":85,"8":2,"9":83,"10":83,"11":2,"12":7,"13":0,"14":0,"15":0,"16":0},"f":{"0":95,"1":0,"2":0},"b":{"0":[95,8],"1":[8,87],"2":[95,87],"3":[2,83],"4":[0,0],"5":[0,0]},"inputSourceMap":null,"_coverageSchema":"1a1c01bbd47fc00a2c39e90264f33305004495a9","hash":"319757c7bdb64a241224ba45ddbc70c35c8d58ac"}
,"/Users/ravishkarodrigo/Downloads/ICBT-Carpooling-System/backend/src/middleware/error.js": {"path":"/Users/ravishkarodrigo/Downloads/ICBT-Carpooling-System/backend/src/middleware/error.js","statementMap":{"0":{"start":{"line":4,"column":31},"end":{"line":5,"column":44}},"1":{"start":{"line":5,"column":2},"end":{"line":5,"column":44}},"2":{"start":{"line":10,"column":28},"end":{"line":24,"column":1}},"3":{"start":{"line":11,"column":18},"end":{"line":11,"column":41}},"4":{"start":{"line":12,"column":21},"end":{"line":12,"column":51}},"5":{"start":{"line":13,"column":18},"end":{"line":19,"column":3}},"6":{"start":{"line":20,"column":2},"end":{"line":22,"column":3}},"7":{"start":{"line":21,"column":4},"end":{"line":21,"column":34}},"8":{"start":{"line":23,"column":2},"end":{"line":23,"column":39}}},"fnMap":{"0":{"name":"(anonymous_0)","decl":{"start":{"line":4,"column":31},"end":{"line":4,"column":32}},"loc":{"start":{"line":5,"column":2},"end":{"line":5,"column":44}},"line":5},"1":{"name":"(anonymous_1)","decl":{"start":{"line":10,"column":28},"end":{"line":10,"column":29}},"loc":{"start":{"line":10,"column":55},"end":{"line":24,"column":1}},"line":10}},"branchMap":{"0":{"loc":{"start":{"line":12,"column":21},"end":{"line":12,"column":51}},"type":"cond-expr","locations":[{"start":{"line":12,"column":31},"end":{"line":12,"column":45}},{"start":{"line":12,"column":48},"end":{"line":12,"column":51}}],"line":12},"1":{"loc":{"start":{"line":16,"column":15},"end":{"line":16,"column":62}},"type":"cond-expr","locations":[{"start":{"line":16,"column":25},"end":{"line":16,"column":36}},{"start":{"line":16,"column":39},"end":{"line":16,"column":62}}],"line":16},"2":{"loc":{"start":{"line":17,"column":10},"end":{"line":17,"column":53}},"type":"cond-expr","locations":[{"start":{"line":17,"column":24},"end":{"line":17,"column":48}},{"start":{"line":17,"column":51},"end":{"line":17,"column":53}}],"line":17},"3":{"loc":{"start":{"line":20,"column":2},"end":{"line":22,"column":3}},"type":"if","locations":[{"start":{"line":20,"column":2},"end":{"line":22,"column":3}},{"start":{},"end":{}}],"line":20},"4":{"loc":{"start":{"line":20,"column":6},"end":{"line":20,"column":49}},"type":"binary-expr","locations":[{"start":{"line":20,"column":6},"end":{"line":20,"column":14}},{"start":{"line":20,"column":18},"end":{"line":20,"column":49}}],"line":20}},"s":{"0":7,"1":2,"2":7,"3":45,"4":45,"5":45,"6":45,"7":0,"8":45},"f":{"0":2,"1":45},"b":{"0":[45,0],"1":[45,0],"2":[17,28],"3":[0,45],"4":[45,0]},"inputSourceMap":null,"_coverageSchema":"1a1c01bbd47fc00a2c39e90264f33305004495a9","hash":"4d4521641cd8f85bc98561ce8f0675604b3e6ef7"}
,"/Users/ravishkarodrigo/Downloads/ICBT-Carpooling-System/backend/src/middleware/rateLimit.js": {"path":"/Users/ravishkarodrigo/Downloads/ICBT-Carpooling-System/backend/src/middleware/rateLimit.js","statementMap":{"0":{"start":{"line":4,"column":20},"end":{"line":4,"column":48}},"1":{"start":{"line":4,"column":42},"end":{"line":4,"column":48}},"2":{"start":{"line":7,"column":27},"end":{"line":15,"column":6}},"3":{"start":{"line":17,"column":26},"end":{"line":24,"column":6}}},"fnMap":{"0":{"name":"(anonymous_0)","decl":{"start":{"line":4,"column":20},"end":{"line":4,"column":21}},"loc":{"start":{"line":4,"column":42},"end":{"line":4,"column":48}},"line":4}},"branchMap":{"0":{"loc":{"start":{"line":7,"column":27},"end":{"line":15,"column":6}},"type":"cond-expr","locations":[{"start":{"line":8,"column":4},"end":{"line":8,"column":15}},{"start":{"line":9,"column":4},"end":{"line":15,"column":6}}],"line":7},"1":{"loc":{"start":{"line":17,"column":26},"end":{"line":24,"column":6}},"type":"cond-expr","locations":[{"start":{"line":18,"column":4},"end":{"line":18,"column":15}},{"start":{"line":19,"column":4},"end":{"line":24,"column":6}}],"line":17}},"s":{"0":7,"1":314,"2":7,"3":7},"f":{"0":314},"b":{"0":[7,0],"1":[7,0]},"inputSourceMap":null,"_coverageSchema":"1a1c01bbd47fc00a2c39e90264f33305004495a9","hash":"f2fbf6b32fdea627e56103bbecb3481b08ac7520"}
,"/Users/ravishkarodrigo/Downloads/ICBT-Carpooling-System/backend/src/middleware/validate.js": {"path":"/Users/ravishkarodrigo/Downloads/ICBT-Carpooling-System/backend/src/middleware/validate.js","statementMap":{"0":{"start":{"line":5,"column":24},"end":{"line":16,"column":1}},"1":{"start":{"line":5,"column":53},"end":{"line":16,"column":1}},"2":{"start":{"line":6,"column":17},"end":{"line":6,"column":46}},"3":{"start":{"line":7,"column":2},"end":{"line":13,"column":3}},"4":{"start":{"line":8,"column":20},"end":{"line":11,"column":7}},"5":{"start":{"line":8,"column":52},"end":{"line":11,"column":5}},"6":{"start":{"line":12,"column":4},"end":{"line":12,"column":67}},"7":{"start":{"line":14,"column":2},"end":{"line":14,"column":28}},"8":{"start":{"line":15,"column":2},"end":{"line":15,"column":9}}},"fnMap":{"0":{"name":"(anonymous_0)","decl":{"start":{"line":5,"column":24},"end":{"line":5,"column":25}},"loc":{"start":{"line":5,"column":53},"end":{"line":16,"column":1}},"line":5},"1":{"name":"(anonymous_1)","decl":{"start":{"line":5,"column":53},"end":{"line":5,"column":54}},"loc":{"start":{"line":5,"column":74},"end":{"line":16,"column":1}},"line":5},"2":{"name":"(anonymous_2)","decl":{"start":{"line":8,"column":44},"end":{"line":8,"column":45}},"loc":{"start":{"line":8,"column":52},"end":{"line":11,"column":5}},"line":8}},"branchMap":{"0":{"loc":{"start":{"line":5,"column":33},"end":{"line":5,"column":48}},"type":"default-arg","locations":[{"start":{"line":5,"column":42},"end":{"line":5,"column":48}}],"line":5},"1":{"loc":{"start":{"line":7,"column":2},"end":{"line":13,"column":3}},"type":"if","locations":[{"start":{"line":7,"column":2},"end":{"line":13,"column":3}},{"start":{},"end":{}}],"line":7}},"s":{"0":7,"1":56,"2":171,"3":171,"4":17,"5":20,"6":17,"7":154,"8":154},"f":{"0":56,"1":171,"2":20},"b":{"0":[49],"1":[17,154]},"inputSourceMap":null,"_coverageSchema":"1a1c01bbd47fc00a2c39e90264f33305004495a9","hash":"c20a2e607b7bb37630de68a5678db2ad91830d46"}
,"/Users/ravishkarodrigo/Downloads/ICBT-Carpooling-System/backend/src/models/datastore.js": {"path":"/Users/ravishkarodrigo/Downloads/ICBT-Carpooling-System/backend/src/models/datastore.js","statementMap":{"0":{"start":{"line":14,"column":4},"end":{"line":14,"column":26}},"1":{"start":{"line":18,"column":15},"end":{"line":18,"column":38}},"2":{"start":{"line":19,"column":19},"end":{"line":19,"column":89}},"3":{"start":{"line":20,"column":4},"end":{"line":20,"column":30}},"4":{"start":{"line":21,"column":4},"end":{"line":21,"column":18}},"5":{"start":{"line":25,"column":4},"end":{"line":25,"column":37}},"6":{"start":{"line":29,"column":21},"end":{"line":29,"column":38}},"7":{"start":{"line":30,"column":4},"end":{"line":30,"column":31}},"8":{"start":{"line":30,"column":19},"end":{"line":30,"column":31}},"9":{"start":{"line":31,"column":20},"end":{"line":31,"column":82}},"10":{"start":{"line":32,"column":4},"end":{"line":32,"column":31}},"11":{"start":{"line":33,"column":4},"end":{"line":33,"column":19}},"12":{"start":{"line":37,"column":4},"end":{"line":37,"column":32}},"13":{"start":{"line":40,"column":32},"end":{"line":40,"column":36}},"14":{"start":{"line":41,"column":4},"end":{"line":41,"column":53}},"15":{"start":{"line":45,"column":4},"end":{"line":45,"column":59}},"16":{"start":{"line":52,"column":4},"end":{"line":52,"column":35}},"17":{"start":{"line":56,"column":15},"end":{"line":56,"column":43}},"18":{"start":{"line":57,"column":19},"end":{"line":57,"column":89}},"19":{"start":{"line":58,"column":4},"end":{"line":58,"column":39}},"20":{"start":{"line":59,"column":4},"end":{"line":59,"column":18}},"21":{"start":{"line":63,"column":17},"end":{"line":63,"column":45}},"22":{"start":{"line":64,"column":4},"end":{"line":64,"column":44}},"23":{"start":{"line":68,"column":16},"end":{"line":68,"column":32}},"24":{"start":{"line":69,"column":17},"end":{"line":69,"column":32}},"25":{"start":{"line":70,"column":4},"end":{"line":70,"column":34}},"26":{"start":{"line":70,"column":22},"end":{"line":70,"column":34}},"27":{"start":{"line":71,"column":20},"end":{"line":71,"column":85}},"28":{"start":{"line":72,"column":4},"end":{"line":72,"column":27}},"29":{"start":{"line":73,"column":4},"end":{"line":73,"column":19}},"30":{"start":{"line":77,"column":4},"end":{"line":77,"column":36}},"31":{"start":{"line":78,"column":4},"end":{"line":78,"column":16}},"32":{"start":{"line":81,"column":32},"end":{"line":81,"column":36}},"33":{"start":{"line":82,"column":17},"end":{"line":82,"column":37}},"34":{"start":{"line":83,"column":4},"end":{"line":83,"column":60}},"35":{"start":{"line":83,"column":32},"end":{"line":83,"column":40}},"36":{"start":{"line":87,"column":16},"end":{"line":87,"column":43}},"37":{"start":{"line":88,"column":4},"end":{"line":88,"column":26}},"38":{"start":{"line":93,"column":20},"end":{"line":93,"column":22}},"39":{"start":{"line":96,"column":2},"end":{"line":96,"column":50}},"40":{"start":{"line":96,"column":25},"end":{"line":96,"column":50}},"41":{"start":{"line":98,"column":13},"end":{"line":98,"column":28}},"42":{"start":{"line":99,"column":2},"end":{"line":102,"column":42}},"43":{"start":{"line":103,"column":2},"end":{"line":103,"column":27}},"44":{"start":{"line":107,"column":21},"end":{"line":107,"column":49}},"45":{"start":{"line":107,"column":27},"end":{"line":107,"column":49}},"46":{"start":{"line":108,"column":21},"end":{"line":108,"column":49}},"47":{"start":{"line":108,"column":27},"end":{"line":108,"column":49}},"48":{"start":{"line":109,"column":28},"end":{"line":109,"column":63}},"49":{"start":{"line":109,"column":34},"end":{"line":109,"column":63}},"50":{"start":{"line":110,"column":24},"end":{"line":110,"column":55}},"51":{"start":{"line":110,"column":30},"end":{"line":110,"column":55}},"52":{"start":{"line":111,"column":29},"end":{"line":111,"column":65}},"53":{"start":{"line":111,"column":35},"end":{"line":111,"column":65}},"54":{"start":{"line":115,"column":2},"end":{"line":115,"column":65}},"55":{"start":{"line":115,"column":42},"end":{"line":115,"column":63}}},"fnMap":{"0":{"name":"(anonymous_0)","decl":{"start":{"line":13,"column":2},"end":{"line":13,"column":3}},"loc":{"start":{"line":13,"column":16},"end":{"line":15,"column":3}},"line":13},"1":{"name":"(anonymous_1)","decl":{"start":{"line":17,"column":2},"end":{"line":17,"column":3}},"loc":{"start":{"line":17,"column":21},"end":{"line":22,"column":3}},"line":17},"2":{"name":"(anonymous_2)","decl":{"start":{"line":24,"column":2},"end":{"line":24,"column":3}},"loc":{"start":{"line":24,"column":20},"end":{"line":26,"column":3}},"line":24},"3":{"name":"(anonymous_3)","decl":{"start":{"line":28,"column":2},"end":{"line":28,"column":3}},"loc":{"start":{"line":28,"column":26},"end":{"line":34,"column":3}},"line":28},"4":{"name":"(anonymous_4)","decl":{"start":{"line":36,"column":2},"end":{"line":36,"column":3}},"loc":{"start":{"line":36,"column":19},"end":{"line":38,"column":3}},"line":36},"5":{"name":"(anonymous_5)","decl":{"start":{"line":40,"column":2},"end":{"line":40,"column":3}},"loc":{"start":{"line":40,"column":38},"end":{"line":42,"column":3}},"line":40},"6":{"name":"(anonymous_6)","decl":{"start":{"line":40,"column":26},"end":{"line":40,"column":27}},"loc":{"start":{"line":40,"column":32},"end":{"line":40,"column":36}},"line":40},"7":{"name":"(anonymous_7)","decl":{"start":{"line":44,"column":2},"end":{"line":44,"column":3}},"loc":{"start":{"line":44,"column":27},"end":{"line":46,"column":3}},"line":44},"8":{"name":"(anonymous_8)","decl":{"start":{"line":51,"column":2},"end":{"line":51,"column":3}},"loc":{"start":{"line":51,"column":24},"end":{"line":53,"column":3}},"line":51},"9":{"name":"(anonymous_9)","decl":{"start":{"line":55,"column":2},"end":{"line":55,"column":3}},"loc":{"start":{"line":55,"column":21},"end":{"line":60,"column":3}},"line":55},"10":{"name":"(anonymous_10)","decl":{"start":{"line":62,"column":2},"end":{"line":62,"column":3}},"loc":{"start":{"line":62,"column":20},"end":{"line":65,"column":3}},"line":62},"11":{"name":"(anonymous_11)","decl":{"start":{"line":67,"column":2},"end":{"line":67,"column":3}},"loc":{"start":{"line":67,"column":26},"end":{"line":74,"column":3}},"line":67},"12":{"name":"(anonymous_12)","decl":{"start":{"line":76,"column":2},"end":{"line":76,"column":3}},"loc":{"start":{"line":76,"column":19},"end":{"line":79,"column":3}},"line":76},"13":{"name":"(anonymous_13)","decl":{"start":{"line":81,"column":2},"end":{"line":81,"column":3}},"loc":{"start":{"line":81,"column":38},"end":{"line":84,"column":3}},"line":81},"14":{"name":"(anonymous_14)","decl":{"start":{"line":81,"column":26},"end":{"line":81,"column":27}},"loc":{"start":{"line":81,"column":32},"end":{"line":81,"column":36}},"line":81},"15":{"name":"(anonymous_15)","decl":{"start":{"line":83,"column":25},"end":{"line":83,"column":26}},"loc":{"start":{"line":83,"column":32},"end":{"line":83,"column":40}},"line":83},"16":{"name":"(anonymous_16)","decl":{"start":{"line":86,"column":2},"end":{"line":86,"column":3}},"loc":{"start":{"line":86,"column":27},"end":{"line":89,"column":3}},"line":86},"17":{"name":"getCollection","decl":{"start":{"line":95,"column":16},"end":{"line":95,"column":29}},"loc":{"start":{"line":95,"column":36},"end":{"line":104,"column":1}},"line":95},"18":{"name":"(anonymous_18)","decl":{"start":{"line":107,"column":21},"end":{"line":107,"column":22}},"loc":{"start":{"line":107,"column":27},"end":{"line":107,"column":49}},"line":107},"19":{"name":"(anonymous_19)","decl":{"start":{"line":108,"column":21},"end":{"line":108,"column":22}},"loc":{"start":{"line":108,"column":27},"end":{"line":108,"column":49}},"line":108},"20":{"name":"(anonymous_20)","decl":{"start":{"line":109,"column":28},"end":{"line":109,"column":29}},"loc":{"start":{"line":109,"column":34},"end":{"line":109,"column":63}},"line":109},"21":{"name":"(anonymous_21)","decl":{"start":{"line":110,"column":24},"end":{"line":110,"column":25}},"loc":{"start":{"line":110,"column":30},"end":{"line":110,"column":55}},"line":110},"22":{"name":"(anonymous_22)","decl":{"start":{"line":111,"column":29},"end":{"line":111,"column":30}},"loc":{"start":{"line":111,"column":35},"end":{"line":111,"column":65}},"line":111},"23":{"name":"__resetInMemory","decl":{"start":{"line":114,"column":16},"end":{"line":114,"column":31}},"loc":{"start":{"line":114,"column":34},"end":{"line":116,"column":1}},"line":114},"24":{"name":"(anonymous_24)","decl":{"start":{"line":115,"column":35},"end":{"line":115,"column":36}},"loc":{"start":{"line":115,"column":42},"end":{"line":115,"column":63}},"line":115}},"branchMap":{"0":{"loc":{"start":{"line":18,"column":15},"end":{"line":18,"column":38}},"type":"binary-expr","locations":[{"start":{"line":18,"column":15},"end":{"line":18,"column":22}},{"start":{"line":18,"column":26},"end":{"line":18,"column":38}}],"line":18},"1":{"loc":{"start":{"line":19,"column":45},"end":{"line":19,"column":87}},"type":"binary-expr","locations":[{"start":{"line":19,"column":45},"end":{"line":19,"column":59}},{"start":{"line":19,"column":63},"end":{"line":19,"column":87}}],"line":19},"2":{"loc":{"start":{"line":25,"column":11},"end":{"line":25,"column":36}},"type":"binary-expr","locations":[{"start":{"line":25,"column":11},"end":{"line":25,"column":28}},{"start":{"line":25,"column":32},"end":{"line":25,"column":36}}],"line":25},"3":{"loc":{"start":{"line":30,"column":4},"end":{"line":30,"column":31}},"type":"if","locations":[{"start":{"line":30,"column":4},"end":{"line":30,"column":31}},{"start":{},"end":{}}],"line":30},"4":{"loc":{"start":{"line":40,"column":14},"end":{"line":40,"column":36}},"type":"default-arg","locations":[{"start":{"line":40,"column":26},"end":{"line":40,"column":36}}],"line":40},"5":{"loc":{"start":{"line":45,"column":11},"end":{"line":45,"column":58}},"type":"binary-expr","locations":[{"start":{"line":45,"column":11},"end":{"line":45,"column":50}},{"start":{"line":45,"column":54},"end":{"line":45,"column":58}}],"line":45},"6":{"loc":{"start":{"line":56,"column":15},"end":{"line":56,"column":43}},"type":"binary-expr","locations":[{"start":{"line":56,"column":15},"end":{"line":56,"column":22}},{"start":{"line":56,"column":26},"end":{"line":56,"column":43}}],"line":56},"7":{"loc":{"start":{"line":57,"column":45},"end":{"line":57,"column":87}},"type":"binary-expr","locations":[{"start":{"line":57,"column":45},"end":{"line":57,"column":59}},{"start":{"line":57,"column":63},"end":{"line":57,"column":87}}],"line":57},"8":{"loc":{"start":{"line":64,"column":11},"end":{"line":64,"column":43}},"type":"cond-expr","locations":[{"start":{"line":64,"column":25},"end":{"line":64,"column":36}},{"start":{"line":64,"column":39},"end":{"line":64,"column":43}}],"line":64},"9":{"loc":{"start":{"line":70,"column":4},"end":{"line":70,"column":34}},"type":"if","locations":[{"start":{"line":70,"column":4},"end":{"line":70,"column":34}},{"start":{},"end":{}}],"line":70},"10":{"loc":{"start":{"line":81,"column":14},"end":{"line":81,"column":36}},"type":"default-arg","locations":[{"start":{"line":81,"column":26},"end":{"line":81,"column":36}}],"line":81},"11":{"loc":{"start":{"line":88,"column":11},"end":{"line":88,"column":25}},"type":"binary-expr","locations":[{"start":{"line":88,"column":11},"end":{"line":88,"column":17}},{"start":{"line":88,"column":21},"end":{"line":88,"column":25}}],"line":88},"12":{"loc":{"start":{"line":96,"column":2},"end":{"line":96,"column":50}},"type":"if","locations":[{"start":{"line":96,"column":2},"end":{"line":96,"column":50}},{"start":{},"end":{}}],"line":96},"13":{"loc":{"start":{"line":100,"column":4},"end":{"line":102,"column":41}},"type":"cond-expr","locations":[{"start":{"line":101,"column":8},"end":{"line":101,"column":32}},{"start":{"line":102,"column":8},"end":{"line":102,"column":41}}],"line":100},"14":{"loc":{"start":{"line":100,"column":4},"end":{"line":100,"column":31}},"type":"binary-expr","locations":[{"start":{"line":100,"column":4},"end":{"line":100,"column":24}},{"start":{"line":100,"column":28},"end":{"line":100,"column":31}}],"line":100}},"s":{"0":122,"1":132,"2":132,"3":132,"4":132,"5":102,"6":13,"7":13,"8":0,"9":13,"10":13,"11":13,"12":0,"13":0,"14":28,"15":95,"16":0,"17":0,"18":0,"19":0,"20":0,"21":0,"22":0,"23":0,"24":0,"25":0,"26":0,"27":0,"28":0,"29":0,"30":0,"31":0,"32":0,"33":0,"34":0,"35":0,"36":0,"37":0,"38":7,"39":370,"40":248,"41":122,"42":122,"43":122,"44":7,"45":240,"46":7,"47":98,"48":7,"49":18,"50":7,"51":1,"52":7,"53":13,"54":98,"55":111},"f":{"0":122,"1":132,"2":102,"3":13,"4":0,"5":28,"6":0,"7":95,"8":0,"9":0,"10":0,"11":0,"12":0,"13":0,"14":0,"15":0,"16":0,"17":370,"18":240,"19":98,"20":18,"21":1,"22":13,"23":98,"24":111},"b":{"0":[132,132],"1":[132,132],"2":[102,2],"3":[0,13],"4":[0],"5":[95,87],"6":[0,0],"7":[0,0],"8":[0,0],"9":[0,0],"10":[0],"11":[0,0],"12":[248,122],"13":[122,0],"14":[122,0]},"inputSourceMap":null,"_coverageSchema":"1a1c01bbd47fc00a2c39e90264f33305004495a9","hash":"7b1f4672b8cb23d6cbe1d8d947ca9ccc7b19d2c4"}
,"/Users/ravishkarodrigo/Downloads/ICBT-Carpooling-System/backend/src/routes/authRoutes.js": {"path":"/Users/ravishkarodrigo/Downloads/ICBT-Carpooling-System/backend/src/routes/authRoutes.js","statementMap":{"0":{"start":{"line":8,"column":15},"end":{"line":8,"column":23}},"1":{"start":{"line":9,"column":0},"end":{"line":9,"column":79}},"2":{"start":{"line":10,"column":0},"end":{"line":10,"column":70}},"3":{"start":{"line":11,"column":0},"end":{"line":11,"column":40}},"4":{"start":{"line":12,"column":0},"end":{"line":12,"column":84}}},"fnMap":{},"branchMap":{},"s":{"0":7,"1":7,"2":7,"3":7,"4":7},"f":{},"b":{},"inputSourceMap":null,"_coverageSchema":"1a1c01bbd47fc00a2c39e90264f33305004495a9","hash":"9a7de619764e267dd8d0d65a04598abb57c45ea7"}
,"/Users/ravishkarodrigo/Downloads/ICBT-Carpooling-System/backend/src/routes/index.js": {"path":"/Users/ravishkarodrigo/Downloads/ICBT-Carpooling-System/backend/src/routes/index.js","statementMap":{"0":{"start":{"line":8,"column":15},"end":{"line":8,"column":23}},"1":{"start":{"line":9,"column":0},"end":{"line":9,"column":90}},"2":{"start":{"line":9,"column":37},"end":{"line":9,"column":88}},"3":{"start":{"line":10,"column":0},"end":{"line":10,"column":32}},"4":{"start":{"line":11,"column":0},"end":{"line":11,"column":33}},"5":{"start":{"line":12,"column":0},"end":{"line":12,"column":39}},"6":{"start":{"line":13,"column":0},"end":{"line":13,"column":39}},"7":{"start":{"line":14,"column":0},"end":{"line":14,"column":49}}},"fnMap":{"0":{"name":"(anonymous_0)","decl":{"start":{"line":9,"column":22},"end":{"line":9,"column":23}},"loc":{"start":{"line":9,"column":37},"end":{"line":9,"column":88}},"line":9}},"branchMap":{},"s":{"0":7,"1":7,"2":0,"3":7,"4":7,"5":7,"6":7,"7":7},"f":{"0":0},"b":{},"inputSourceMap":null,"_coverageSchema":"1a1c01bbd47fc00a2c39e90264f33305004495a9","hash":"d28ca983e511285e7a51af55075c2c6667d52594"}
,"/Users/ravishkarodrigo/Downloads/ICBT-Carpooling-System/backend/src/routes/messageRoutes.js": {"path":"/Users/ravishkarodrigo/Downloads/ICBT-Carpooling-System/backend/src/routes/messageRoutes.js","statementMap":{"0":{"start":{"line":7,"column":15},"end":{"line":7,"column":23}},"1":{"start":{"line":8,"column":0},"end":{"line":8,"column":24}},"2":{"start":{"line":9,"column":0},"end":{"line":9,"column":53}},"3":{"start":{"line":10,"column":0},"end":{"line":10,"column":55}}},"fnMap":{},"branchMap":{},"s":{"0":7,"1":7,"2":7,"3":7},"f":{},"b":{},"inputSourceMap":null,"_coverageSchema":"1a1c01bbd47fc00a2c39e90264f33305004495a9","hash":"607c422c50e868ef8e49aeade18dd221699e8a90"}
,"/Users/ravishkarodrigo/Downloads/ICBT-Carpooling-System/backend/src/routes/notificationRoutes.js": {"path":"/Users/ravishkarodrigo/Downloads/ICBT-Carpooling-System/backend/src/routes/notificationRoutes.js","statementMap":{"0":{"start":{"line":5,"column":15},"end":{"line":5,"column":23}},"1":{"start":{"line":6,"column":0},"end":{"line":6,"column":24}},"2":{"start":{"line":7,"column":0},"end":{"line":7,"column":27}},"3":{"start":{"line":8,"column":0},"end":{"line":8,"column":41}}},"fnMap":{},"branchMap":{},"s":{"0":7,"1":7,"2":7,"3":7},"f":{},"b":{},"inputSourceMap":null,"_coverageSchema":"1a1c01bbd47fc00a2c39e90264f33305004495a9","hash":"e977ff66d0e0ac7e707394df7d13944a4fa764a9"}
,"/Users/ravishkarodrigo/Downloads/ICBT-Carpooling-System/backend/src/routes/requestRoutes.js": {"path":"/Users/ravishkarodrigo/Downloads/ICBT-Carpooling-System/backend/src/routes/requestRoutes.js","statementMap":{"0":{"start":{"line":7,"column":15},"end":{"line":7,"column":23}},"1":{"start":{"line":8,"column":0},"end":{"line":8,"column":24}},"2":{"start":{"line":9,"column":0},"end":{"line":9,"column":59}},"3":{"start":{"line":10,"column":0},"end":{"line":10,"column":40}},"4":{"start":{"line":11,"column":0},"end":{"line":11,"column":43}},"5":{"start":{"line":12,"column":0},"end":{"line":12,"column":67}}},"fnMap":{},"branchMap":{},"s":{"0":7,"1":7,"2":7,"3":7,"4":7,"5":7},"f":{},"b":{},"inputSourceMap":null,"_coverageSchema":"1a1c01bbd47fc00a2c39e90264f33305004495a9","hash":"02d7e513bee4b2111ed6fcecdc346b2de12a133c"}
,"/Users/ravishkarodrigo/Downloads/ICBT-Carpooling-System/backend/src/routes/rideRoutes.js": {"path":"/Users/ravishkarodrigo/Downloads/ICBT-Carpooling-System/backend/src/routes/rideRoutes.js","statementMap":{"0":{"start":{"line":7,"column":15},"end":{"line":7,"column":23}},"1":{"start":{"line":8,"column":0},"end":{"line":8,"column":27}},"2":{"start":{"line":9,"column":0},"end":{"line":9,"column":72}},"3":{"start":{"line":10,"column":0},"end":{"line":10,"column":44}},"4":{"start":{"line":11,"column":0},"end":{"line":11,"column":50}},"5":{"start":{"line":12,"column":0},"end":{"line":12,"column":32}},"6":{"start":{"line":13,"column":0},"end":{"line":13,"column":71}},"7":{"start":{"line":14,"column":0},"end":{"line":14,"column":53}},"8":{"start":{"line":15,"column":0},"end":{"line":15,"column":57}}},"fnMap":{},"branchMap":{},"s":{"0":7,"1":7,"2":7,"3":7,"4":7,"5":7,"6":7,"7":7,"8":7},"f":{},"b":{},"inputSourceMap":null,"_coverageSchema":"1a1c01bbd47fc00a2c39e90264f33305004495a9","hash":"f25e1ba1d7e7bd76d23ba088d4020ef5a7a06b69"}
,"/Users/ravishkarodrigo/Downloads/ICBT-Carpooling-System/backend/src/services/authService.js": {"path":"/Users/ravishkarodrigo/Downloads/ICBT-Carpooling-System/backend/src/services/authService.js","statementMap":{"0":{"start":{"line":6,"column":19},"end":{"line":14,"column":2}},"1":{"start":{"line":6,"column":27},"end":{"line":14,"column":1}},"2":{"start":{"line":17,"column":19},"end":{"line":17,"column":80}},"3":{"start":{"line":17,"column":48},"end":{"line":17,"column":79}},"4":{"start":{"line":18,"column":2},"end":{"line":18,"column":85}},"5":{"start":{"line":18,"column":16},"end":{"line":18,"column":85}},"6":{"start":{"line":20,"column":23},"end":{"line":20,"column":51}},"7":{"start":{"line":21,"column":15},"end":{"line":26,"column":4}},"8":{"start":{"line":28,"column":2},"end":{"line":28,"column":27}},"9":{"start":{"line":32,"column":15},"end":{"line":32,"column":76}},"10":{"start":{"line":32,"column":44},"end":{"line":32,"column":75}},"11":{"start":{"line":34,"column":2},"end":{"line":34,"column":70}},"12":{"start":{"line":34,"column":13},"end":{"line":34,"column":70}},"13":{"start":{"line":36,"column":16},"end":{"line":36,"column":65}},"14":{"start":{"line":37,"column":2},"end":{"line":37,"column":71}},"15":{"start":{"line":37,"column":14},"end":{"line":37,"column":71}},"16":{"start":{"line":39,"column":2},"end":{"line":39,"column":27}},"17":{"start":{"line":43,"column":15},"end":{"line":43,"column":44}},"18":{"start":{"line":44,"column":2},"end":{"line":44,"column":55}},"19":{"start":{"line":44,"column":13},"end":{"line":44,"column":55}},"20":{"start":{"line":45,"column":2},"end":{"line":45,"column":26}},"21":{"start":{"line":49,"column":18},"end":{"line":49,"column":53}},"22":{"start":{"line":50,"column":2},"end":{"line":50,"column":58}},"23":{"start":{"line":50,"column":16},"end":{"line":50,"column":58}},"24":{"start":{"line":51,"column":2},"end":{"line":51,"column":29}},"25":{"start":{"line":55,"column":17},"end":{"line":55,"column":66}},"26":{"start":{"line":56,"column":2},"end":{"line":60,"column":4}}},"fnMap":{"0":{"name":"(anonymous_0)","decl":{"start":{"line":6,"column":19},"end":{"line":6,"column":20}},"loc":{"start":{"line":6,"column":27},"end":{"line":14,"column":1}},"line":6},"1":{"name":"register","decl":{"start":{"line":16,"column":22},"end":{"line":16,"column":30}},"loc":{"start":{"line":16,"column":64},"end":{"line":29,"column":1}},"line":16},"2":{"name":"(anonymous_2)","decl":{"start":{"line":17,"column":41},"end":{"line":17,"column":42}},"loc":{"start":{"line":17,"column":48},"end":{"line":17,"column":79}},"line":17},"3":{"name":"login","decl":{"start":{"line":31,"column":22},"end":{"line":31,"column":27}},"loc":{"start":{"line":31,"column":49},"end":{"line":40,"column":1}},"line":31},"4":{"name":"(anonymous_4)","decl":{"start":{"line":32,"column":37},"end":{"line":32,"column":38}},"loc":{"start":{"line":32,"column":44},"end":{"line":32,"column":75}},"line":32},"5":{"name":"getProfile","decl":{"start":{"line":42,"column":22},"end":{"line":42,"column":32}},"loc":{"start":{"line":42,"column":41},"end":{"line":46,"column":1}},"line":42},"6":{"name":"updateProfile","decl":{"start":{"line":48,"column":22},"end":{"line":48,"column":35}},"loc":{"start":{"line":48,"column":51},"end":{"line":52,"column":1}},"line":48},"7":{"name":"issueTokens","decl":{"start":{"line":54,"column":9},"end":{"line":54,"column":20}},"loc":{"start":{"line":54,"column":27},"end":{"line":61,"column":1}},"line":54}},"branchMap":{"0":{"loc":{"start":{"line":11,"column":9},"end":{"line":11,"column":22}},"type":"binary-expr","locations":[{"start":{"line":11,"column":9},"end":{"line":11,"column":16}},{"start":{"line":11,"column":20},"end":{"line":11,"column":22}}],"line":11},"1":{"loc":{"start":{"line":12,"column":12},"end":{"line":12,"column":28}},"type":"binary-expr","locations":[{"start":{"line":12,"column":12},"end":{"line":12,"column":22}},{"start":{"line":12,"column":26},"end":{"line":12,"column":28}}],"line":12},"2":{"loc":{"start":{"line":18,"column":2},"end":{"line":18,"column":85}},"type":"if","locations":[{"start":{"line":18,"column":2},"end":{"line":18,"column":85}},{"start":{},"end":{}}],"line":18},"3":{"loc":{"start":{"line":34,"column":2},"end":{"line":34,"column":70}},"type":"if","locations":[{"start":{"line":34,"column":2},"end":{"line":34,"column":70}},{"start":{},"end":{}}],"line":34},"4":{"loc":{"start":{"line":37,"column":2},"end":{"line":37,"column":71}},"type":"if","locations":[{"start":{"line":37,"column":2},"end":{"line":37,"column":71}},{"start":{},"end":{}}],"line":37},"5":{"loc":{"start":{"line":44,"column":2},"end":{"line":44,"column":55}},"type":"if","locations":[{"start":{"line":44,"column":2},"end":{"line":44,"column":55}},{"start":{},"end":{}}],"line":44},"6":{"loc":{"start":{"line":50,"column":2},"end":{"line":50,"column":58}},"type":"if","locations":[{"start":{"line":50,"column":2},"end":{"line":50,"column":58}},{"start":{},"end":{}}],"line":50}},"s":{"0":7,"1":88,"2":81,"3":17,"4":81,"5":2,"6":79,"7":79,"8":79,"9":8,"10":6,"11":8,"12":2,"13":6,"14":6,"15":1,"16":5,"17":3,"18":3,"19":0,"20":3,"21":1,"22":1,"23":0,"24":1,"25":84,"26":84},"f":{"0":88,"1":81,"2":17,"3":8,"4":6,"5":3,"6":1,"7":84},"b":{"0":[88,88],"1":[88,87],"2":[2,79],"3":[2,6],"4":[1,5],"5":[0,3],"6":[0,1]},"inputSourceMap":null,"_coverageSchema":"1a1c01bbd47fc00a2c39e90264f33305004495a9","hash":"50a92a033ed610dbec70245403285a603015f643"}
,"/Users/ravishkarodrigo/Downloads/ICBT-Carpooling-System/backend/src/services/messageService.js": {"path":"/Users/ravishkarodrigo/Downloads/ICBT-Carpooling-System/backend/src/services/messageService.js","statementMap":{"0":{"start":{"line":8,"column":18},"end":{"line":8,"column":72}},"1":{"start":{"line":9,"column":2},"end":{"line":11,"column":3}},"2":{"start":{"line":10,"column":4},"end":{"line":10,"column":75}},"3":{"start":{"line":15,"column":15},"end":{"line":15,"column":44}},"4":{"start":{"line":16,"column":2},"end":{"line":16,"column":55}},"5":{"start":{"line":16,"column":13},"end":{"line":16,"column":55}},"6":{"start":{"line":17,"column":2},"end":{"line":17,"column":53}},"7":{"start":{"line":19,"column":18},"end":{"line":19,"column":81}},"8":{"start":{"line":20,"column":2},"end":{"line":24,"column":5}},"9":{"start":{"line":25,"column":2},"end":{"line":25,"column":17}},"10":{"start":{"line":29,"column":14},"end":{"line":34,"column":3}},"11":{"start":{"line":31,"column":6},"end":{"line":33,"column":64}},"12":{"start":{"line":35,"column":2},"end":{"line":35,"column":68}},"13":{"start":{"line":35,"column":28},"end":{"line":35,"column":66}}},"fnMap":{"0":{"name":"assertCanMessage","decl":{"start":{"line":7,"column":15},"end":{"line":7,"column":31}},"loc":{"start":{"line":7,"column":59},"end":{"line":12,"column":1}},"line":7},"1":{"name":"sendMessage","decl":{"start":{"line":14,"column":22},"end":{"line":14,"column":33}},"loc":{"start":{"line":14,"column":74},"end":{"line":26,"column":1}},"line":14},"2":{"name":"getConversation","decl":{"start":{"line":28,"column":22},"end":{"line":28,"column":37}},"loc":{"start":{"line":28,"column":67},"end":{"line":36,"column":1}},"line":28},"3":{"name":"(anonymous_3)","decl":{"start":{"line":30,"column":4},"end":{"line":30,"column":5}},"loc":{"start":{"line":31,"column":6},"end":{"line":33,"column":64}},"line":31},"4":{"name":"(anonymous_4)","decl":{"start":{"line":35,"column":18},"end":{"line":35,"column":19}},"loc":{"start":{"line":35,"column":28},"end":{"line":35,"column":66}},"line":35}},"branchMap":{"0":{"loc":{"start":{"line":8,"column":46},"end":{"line":8,"column":69}},"type":"binary-expr","locations":[{"start":{"line":8,"column":46},"end":{"line":8,"column":63}},{"start":{"line":8,"column":67},"end":{"line":8,"column":69}}],"line":8},"1":{"loc":{"start":{"line":9,"column":2},"end":{"line":11,"column":3}},"type":"if","locations":[{"start":{"line":9,"column":2},"end":{"line":11,"column":3}},{"start":{},"end":{}}],"line":9},"2":{"loc":{"start":{"line":9,"column":6},"end":{"line":9,"column":55}},"type":"binary-expr","locations":[{"start":{"line":9,"column":6},"end":{"line":9,"column":26}},{"start":{"line":9,"column":30},"end":{"line":9,"column":55}}],"line":9},"3":{"loc":{"start":{"line":16,"column":2},"end":{"line":16,"column":55}},"type":"if","locations":[{"start":{"line":16,"column":2},"end":{"line":16,"column":55}},{"start":{},"end":{}}],"line":16},"4":{"loc":{"start":{"line":31,"column":6},"end":{"line":33,"column":64}},"type":"binary-expr","locations":[{"start":{"line":31,"column":6},"end":{"line":31,"column":25}},{"start":{"line":32,"column":8},"end":{"line":32,"column":31}},{"start":{"line":32,"column":35},"end":{"line":32,"column":61}},{"start":{"line":33,"column":9},"end":{"line":33,"column":37}},{"start":{"line":33,"column":41},"end":{"line":33,"column":62}}],"line":31}},"s":{"0":0,"1":0,"2":0,"3":0,"4":0,"5":0,"6":0,"7":0,"8":0,"9":0,"10":1,"11":0,"12":1,"13":0},"f":{"0":0,"1":0,"2":1,"3":0,"4":0},"b":{"0":[0,0],"1":[0,0],"2":[0,0],"3":[0,0],"4":[0,0,0,0,0]},"inputSourceMap":null,"_coverageSchema":"1a1c01bbd47fc00a2c39e90264f33305004495a9","hash":"327eb5631e4cec9d861fd7934dc6cdffc64e6c18"}
,"/Users/ravishkarodrigo/Downloads/ICBT-Carpooling-System/backend/src/services/notificationService.js": {"path":"/Users/ravishkarodrigo/Downloads/ICBT-Carpooling-System/backend/src/services/notificationService.js","statementMap":{"0":{"start":{"line":4,"column":2},"end":{"line":4,"column":96}},"1":{"start":{"line":8,"column":16},"end":{"line":8,"column":71}},"2":{"start":{"line":8,"column":51},"end":{"line":8,"column":70}},"3":{"start":{"line":9,"column":2},"end":{"line":9,"column":70}},"4":{"start":{"line":9,"column":30},"end":{"line":9,"column":68}},"5":{"start":{"line":13,"column":12},"end":{"line":13,"column":57}},"6":{"start":{"line":14,"column":2},"end":{"line":14,"column":45}},"7":{"start":{"line":14,"column":33},"end":{"line":14,"column":45}},"8":{"start":{"line":15,"column":2},"end":{"line":15,"column":64}}},"fnMap":{"0":{"name":"createNotification","decl":{"start":{"line":3,"column":22},"end":{"line":3,"column":40}},"loc":{"start":{"line":3,"column":76},"end":{"line":5,"column":1}},"line":3},"1":{"name":"listNotifications","decl":{"start":{"line":7,"column":22},"end":{"line":7,"column":39}},"loc":{"start":{"line":7,"column":48},"end":{"line":10,"column":1}},"line":7},"2":{"name":"(anonymous_2)","decl":{"start":{"line":8,"column":44},"end":{"line":8,"column":45}},"loc":{"start":{"line":8,"column":51},"end":{"line":8,"column":70}},"line":8},"3":{"name":"(anonymous_3)","decl":{"start":{"line":9,"column":20},"end":{"line":9,"column":21}},"loc":{"start":{"line":9,"column":30},"end":{"line":9,"column":68}},"line":9},"4":{"name":"markRead","decl":{"start":{"line":12,"column":22},"end":{"line":12,"column":30}},"loc":{"start":{"line":12,"column":55},"end":{"line":16,"column":1}},"line":12}},"branchMap":{"0":{"loc":{"start":{"line":4,"column":56},"end":{"line":4,"column":70}},"type":"binary-expr","locations":[{"start":{"line":4,"column":56},"end":{"line":4,"column":62}},{"start":{"line":4,"column":66},"end":{"line":4,"column":70}}],"line":4},"1":{"loc":{"start":{"line":14,"column":2},"end":{"line":14,"column":45}},"type":"if","locations":[{"start":{"line":14,"column":2},"end":{"line":14,"column":45}},{"start":{},"end":{}}],"line":14},"2":{"loc":{"start":{"line":14,"column":6},"end":{"line":14,"column":31}},"type":"binary-expr","locations":[{"start":{"line":14,"column":6},"end":{"line":14,"column":8}},{"start":{"line":14,"column":12},"end":{"line":14,"column":31}}],"line":14}},"s":{"0":8,"1":3,"2":2,"3":3,"4":0,"5":1,"6":1,"7":0,"8":1},"f":{"0":8,"1":3,"2":2,"3":0,"4":1},"b":{"0":[8,0],"1":[0,1],"2":[1,1]},"inputSourceMap":null,"_coverageSchema":"1a1c01bbd47fc00a2c39e90264f33305004495a9","hash":"07477d2b6edd9e3387d5e0becf4a902c3419247d"}
,"/Users/ravishkarodrigo/Downloads/ICBT-Carpooling-System/backend/src/services/requestService.js": {"path":"/Users/ravishkarodrigo/Downloads/ICBT-Carpooling-System/backend/src/services/requestService.js","statementMap":{"0":{"start":{"line":7,"column":15},"end":{"line":7,"column":44}},"1":{"start":{"line":8,"column":2},"end":{"line":8,"column":55}},"2":{"start":{"line":8,"column":13},"end":{"line":8,"column":55}},"3":{"start":{"line":9,"column":2},"end":{"line":9,"column":96}},"4":{"start":{"line":9,"column":37},"end":{"line":9,"column":96}},"5":{"start":{"line":10,"column":2},"end":{"line":10,"column":93}},"6":{"start":{"line":10,"column":30},"end":{"line":10,"column":93}},"7":{"start":{"line":12,"column":14},"end":{"line":14,"column":3}},"8":{"start":{"line":13,"column":11},"end":{"line":13,"column":89}},"9":{"start":{"line":15,"column":2},"end":{"line":15,"column":87}},"10":{"start":{"line":15,"column":11},"end":{"line":15,"column":87}},"11":{"start":{"line":17,"column":18},"end":{"line":23,"column":4}},"12":{"start":{"line":25,"column":2},"end":{"line":29,"column":5}},"13":{"start":{"line":31,"column":2},"end":{"line":31,"column":17}},"14":{"start":{"line":35,"column":2},"end":{"line":35,"column":62}},"15":{"start":{"line":35,"column":37},"end":{"line":35,"column":60}},"16":{"start":{"line":39,"column":2},"end":{"line":39,"column":68}},"17":{"start":{"line":39,"column":37},"end":{"line":39,"column":66}},"18":{"start":{"line":43,"column":18},"end":{"line":43,"column":57}},"19":{"start":{"line":44,"column":2},"end":{"line":44,"column":61}},"20":{"start":{"line":44,"column":16},"end":{"line":44,"column":61}},"21":{"start":{"line":45,"column":2},"end":{"line":47,"column":3}},"22":{"start":{"line":46,"column":4},"end":{"line":46,"column":77}},"23":{"start":{"line":48,"column":2},"end":{"line":50,"column":3}},"24":{"start":{"line":49,"column":4},"end":{"line":49,"column":68}},"25":{"start":{"line":52,"column":2},"end":{"line":55,"column":3}},"26":{"start":{"line":54,"column":4},"end":{"line":54,"column":62}},"27":{"start":{"line":57,"column":18},"end":{"line":57,"column":78}},"28":{"start":{"line":59,"column":2},"end":{"line":63,"column":5}},"29":{"start":{"line":65,"column":2},"end":{"line":65,"column":17}}},"fnMap":{"0":{"name":"createRequest","decl":{"start":{"line":6,"column":22},"end":{"line":6,"column":35}},"loc":{"start":{"line":6,"column":70},"end":{"line":32,"column":1}},"line":6},"1":{"name":"(anonymous_1)","decl":{"start":{"line":13,"column":4},"end":{"line":13,"column":5}},"loc":{"start":{"line":13,"column":11},"end":{"line":13,"column":89}},"line":13},"2":{"name":"listRequestsForDriver","decl":{"start":{"line":34,"column":22},"end":{"line":34,"column":43}},"loc":{"start":{"line":34,"column":54},"end":{"line":36,"column":1}},"line":34},"3":{"name":"(anonymous_3)","decl":{"start":{"line":35,"column":30},"end":{"line":35,"column":31}},"loc":{"start":{"line":35,"column":37},"end":{"line":35,"column":60}},"line":35},"4":{"name":"listRequestsForPassenger","decl":{"start":{"line":38,"column":22},"end":{"line":38,"column":46}},"loc":{"start":{"line":38,"column":60},"end":{"line":40,"column":1}},"line":38},"5":{"name":"(anonymous_5)","decl":{"start":{"line":39,"column":30},"end":{"line":39,"column":31}},"loc":{"start":{"line":39,"column":37},"end":{"line":39,"column":66}},"line":39},"6":{"name":"decideRequest","decl":{"start":{"line":42,"column":22},"end":{"line":42,"column":35}},"loc":{"start":{"line":42,"column":67},"end":{"line":66,"column":1}},"line":42}},"branchMap":{"0":{"loc":{"start":{"line":8,"column":2},"end":{"line":8,"column":55}},"type":"if","locations":[{"start":{"line":8,"column":2},"end":{"line":8,"column":55}},{"start":{},"end":{}}],"line":8},"1":{"loc":{"start":{"line":9,"column":2},"end":{"line":9,"column":96}},"type":"if","locations":[{"start":{"line":9,"column":2},"end":{"line":9,"column":96}},{"start":{},"end":{}}],"line":9},"2":{"loc":{"start":{"line":10,"column":2},"end":{"line":10,"column":93}},"type":"if","locations":[{"start":{"line":10,"column":2},"end":{"line":10,"column":93}},{"start":{},"end":{}}],"line":10},"3":{"loc":{"start":{"line":13,"column":11},"end":{"line":13,"column":89}},"type":"binary-expr","locations":[{"start":{"line":13,"column":11},"end":{"line":13,"column":30}},{"start":{"line":13,"column":34},"end":{"line":13,"column":63}},{"start":{"line":13,"column":67},"end":{"line":13,"column":89}}],"line":13},"4":{"loc":{"start":{"line":15,"column":2},"end":{"line":15,"column":87}},"type":"if","locations":[{"start":{"line":15,"column":2},"end":{"line":15,"column":87}},{"start":{},"end":{}}],"line":15},"5":{"loc":{"start":{"line":21,"column":13},"end":{"line":21,"column":26}},"type":"binary-expr","locations":[{"start":{"line":21,"column":13},"end":{"line":21,"column":20}},{"start":{"line":21,"column":24},"end":{"line":21,"column":26}}],"line":21},"6":{"loc":{"start":{"line":44,"column":2},"end":{"line":44,"column":61}},"type":"if","locations":[{"start":{"line":44,"column":2},"end":{"line":44,"column":61}},{"start":{},"end":{}}],"line":44},"7":{"loc":{"start":{"line":45,"column":2},"end":{"line":47,"column":3}},"type":"if","locations":[{"start":{"line":45,"column":2},"end":{"line":47,"column":3}},{"start":{},"end":{}}],"line":45},"8":{"loc":{"start":{"line":48,"column":2},"end":{"line":50,"column":3}},"type":"if","locations":[{"start":{"line":48,"column":2},"end":{"line":50,"column":3}},{"start":{},"end":{}}],"line":48},"9":{"loc":{"start":{"line":52,"column":2},"end":{"line":55,"column":3}},"type":"if","locations":[{"start":{"line":52,"column":2},"end":{"line":55,"column":3}},{"start":{},"end":{}}],"line":52}},"s":{"0":7,"1":7,"2":0,"3":7,"4":1,"5":6,"6":0,"7":6,"8":1,"9":6,"10":0,"11":6,"12":6,"13":6,"14":0,"15":0,"16":0,"17":0,"18":4,"19":4,"20":0,"21":4,"22":1,"23":3,"24":0,"25":3,"26":3,"27":2,"28":2,"29":2},"f":{"0":7,"1":1,"2":0,"3":0,"4":0,"5":0,"6":4},"b":{"0":[0,7],"1":[1,6],"2":[0,6],"3":[1,1,0],"4":[0,6],"5":[6,5],"6":[0,4],"7":[1,3],"8":[0,3],"9":[3,0]},"inputSourceMap":null,"_coverageSchema":"1a1c01bbd47fc00a2c39e90264f33305004495a9","hash":"ec68730efe0b68001c2171d2dd7e5437acc34da4"}
,"/Users/ravishkarodrigo/Downloads/ICBT-Carpooling-System/backend/src/services/rideService.js": {"path":"/Users/ravishkarodrigo/Downloads/ICBT-Carpooling-System/backend/src/services/rideService.js","statementMap":{"0":{"start":{"line":6,"column":19},"end":{"line":32,"column":1}},"1":{"start":{"line":7,"column":17},"end":{"line":7,"column":53}},"2":{"start":{"line":9,"column":23},"end":{"line":9,"column":46}},"3":{"start":{"line":11,"column":21},"end":{"line":13,"column":3}},"4":{"start":{"line":12,"column":29},"end":{"line":12,"column":48}},"5":{"start":{"line":15,"column":2},"end":{"line":31,"column":4}},"6":{"start":{"line":24,"column":27},"end":{"line":27,"column":7}},"7":{"start":{"line":35,"column":15},"end":{"line":40,"column":4}},"8":{"start":{"line":42,"column":2},"end":{"line":42,"column":26}},"9":{"start":{"line":46,"column":16},"end":{"line":46,"column":63}},"10":{"start":{"line":46,"column":43},"end":{"line":46,"column":62}},"11":{"start":{"line":48,"column":2},"end":{"line":50,"column":4}},"12":{"start":{"line":54,"column":16},"end":{"line":54,"column":63}},"13":{"start":{"line":54,"column":43},"end":{"line":54,"column":62}},"14":{"start":{"line":56,"column":18},"end":{"line":56,"column":43}},"15":{"start":{"line":58,"column":2},"end":{"line":60,"column":4}},"16":{"start":{"line":64,"column":15},"end":{"line":64,"column":44}},"17":{"start":{"line":66,"column":2},"end":{"line":68,"column":3}},"18":{"start":{"line":67,"column":4},"end":{"line":67,"column":46}},"19":{"start":{"line":70,"column":2},"end":{"line":70,"column":26}},"20":{"start":{"line":74,"column":19},"end":{"line":76,"column":3}},"21":{"start":{"line":75,"column":11},"end":{"line":75,"column":32}},"22":{"start":{"line":78,"column":22},"end":{"line":80,"column":3}},"23":{"start":{"line":79,"column":11},"end":{"line":79,"column":50}},"24":{"start":{"line":82,"column":18},"end":{"line":84,"column":3}},"25":{"start":{"line":86,"column":17},"end":{"line":88,"column":3}},"26":{"start":{"line":90,"column":2},"end":{"line":93,"column":4}},"27":{"start":{"line":97,"column":14},"end":{"line":103,"column":3}},"28":{"start":{"line":99,"column":6},"end":{"line":102,"column":33}},"29":{"start":{"line":105,"column":2},"end":{"line":107,"column":4}},"30":{"start":{"line":111,"column":15},"end":{"line":111,"column":44}},"31":{"start":{"line":113,"column":2},"end":{"line":115,"column":3}},"32":{"start":{"line":114,"column":4},"end":{"line":114,"column":46}},"33":{"start":{"line":117,"column":2},"end":{"line":121,"column":3}},"34":{"start":{"line":118,"column":4},"end":{"line":120,"column":6}},"35":{"start":{"line":123,"column":18},"end":{"line":128,"column":3}},"36":{"start":{"line":130,"column":2},"end":{"line":130,"column":29}},"37":{"start":{"line":134,"column":15},"end":{"line":134,"column":44}},"38":{"start":{"line":136,"column":2},"end":{"line":138,"column":3}},"39":{"start":{"line":137,"column":4},"end":{"line":137,"column":46}},"40":{"start":{"line":140,"column":2},"end":{"line":144,"column":3}},"41":{"start":{"line":141,"column":4},"end":{"line":143,"column":6}},"42":{"start":{"line":146,"column":18},"end":{"line":151,"column":3}},"43":{"start":{"line":153,"column":2},"end":{"line":153,"column":29}},"44":{"start":{"line":158,"column":15},"end":{"line":158,"column":44}},"45":{"start":{"line":160,"column":2},"end":{"line":162,"column":3}},"46":{"start":{"line":161,"column":4},"end":{"line":161,"column":46}},"47":{"start":{"line":164,"column":23},"end":{"line":166,"column":3}},"48":{"start":{"line":168,"column":2},"end":{"line":172,"column":3}},"49":{"start":{"line":169,"column":4},"end":{"line":171,"column":6}},"50":{"start":{"line":174,"column":2},"end":{"line":178,"column":3}},"51":{"start":{"line":175,"column":4},"end":{"line":177,"column":6}},"52":{"start":{"line":180,"column":2},"end":{"line":180,"column":32}},"53":{"start":{"line":183,"column":4},"end":{"line":185,"column":19}},"54":{"start":{"line":187,"column":2},"end":{"line":193,"column":4}},"55":{"start":{"line":196,"column":19},"end":{"line":199,"column":3}},"56":{"start":{"line":197,"column":2},"end":{"line":199,"column":3}}},"fnMap":{"0":{"name":"(anonymous_0)","decl":{"start":{"line":6,"column":19},"end":{"line":6,"column":20}},"loc":{"start":{"line":6,"column":35},"end":{"line":32,"column":1}},"line":6},"1":{"name":"(anonymous_1)","decl":{"start":{"line":12,"column":21},"end":{"line":12,"column":22}},"loc":{"start":{"line":12,"column":29},"end":{"line":12,"column":48}},"line":12},"2":{"name":"(anonymous_2)","decl":{"start":{"line":24,"column":11},"end":{"line":24,"column":12}},"loc":{"start":{"line":24,"column":27},"end":{"line":27,"column":7}},"line":24},"3":{"name":"createRide","decl":{"start":{"line":34,"column":22},"end":{"line":34,"column":32}},"loc":{"start":{"line":34,"column":49},"end":{"line":43,"column":1}},"line":34},"4":{"name":"listOpenRides","decl":{"start":{"line":45,"column":22},"end":{"line":45,"column":35}},"loc":{"start":{"line":45,"column":38},"end":{"line":51,"column":1}},"line":45},"5":{"name":"(anonymous_5)","decl":{"start":{"line":46,"column":36},"end":{"line":46,"column":37}},"loc":{"start":{"line":46,"column":43},"end":{"line":46,"column":62}},"line":46},"6":{"name":"searchRides","decl":{"start":{"line":53,"column":22},"end":{"line":53,"column":33}},"loc":{"start":{"line":53,"column":42},"end":{"line":61,"column":1}},"line":53},"7":{"name":"(anonymous_7)","decl":{"start":{"line":54,"column":36},"end":{"line":54,"column":37}},"loc":{"start":{"line":54,"column":43},"end":{"line":54,"column":62}},"line":54},"8":{"name":"getRide","decl":{"start":{"line":63,"column":22},"end":{"line":63,"column":29}},"loc":{"start":{"line":63,"column":38},"end":{"line":71,"column":1}},"line":63},"9":{"name":"getMyRides","decl":{"start":{"line":73,"column":22},"end":{"line":73,"column":32}},"loc":{"start":{"line":73,"column":41},"end":{"line":94,"column":1}},"line":73},"10":{"name":"(anonymous_10)","decl":{"start":{"line":75,"column":4},"end":{"line":75,"column":5}},"loc":{"start":{"line":75,"column":11},"end":{"line":75,"column":32}},"line":75},"11":{"name":"(anonymous_11)","decl":{"start":{"line":79,"column":4},"end":{"line":79,"column":5}},"loc":{"start":{"line":79,"column":11},"end":{"line":79,"column":50}},"line":79},"12":{"name":"getTripHistory","decl":{"start":{"line":96,"column":22},"end":{"line":96,"column":36}},"loc":{"start":{"line":96,"column":45},"end":{"line":108,"column":1}},"line":96},"13":{"name":"(anonymous_13)","decl":{"start":{"line":98,"column":4},"end":{"line":98,"column":5}},"loc":{"start":{"line":99,"column":6},"end":{"line":102,"column":33}},"line":99},"14":{"name":"cancelRide","decl":{"start":{"line":110,"column":22},"end":{"line":110,"column":32}},"loc":{"start":{"line":110,"column":49},"end":{"line":131,"column":1}},"line":110},"15":{"name":"completeRide","decl":{"start":{"line":133,"column":22},"end":{"line":133,"column":34}},"loc":{"start":{"line":133,"column":51},"end":{"line":154,"column":1}},"line":133},"16":{"name":"applyPassenger","decl":{"start":{"line":157,"column":22},"end":{"line":157,"column":36}},"loc":{"start":{"line":157,"column":58},"end":{"line":194,"column":1}},"line":157},"17":{"name":"(anonymous_17)","decl":{"start":{"line":196,"column":19},"end":{"line":196,"column":20}},"loc":{"start":{"line":197,"column":2},"end":{"line":199,"column":3}},"line":197}},"branchMap":{"0":{"loc":{"start":{"line":9,"column":23},"end":{"line":9,"column":46}},"type":"binary-expr","locations":[{"start":{"line":9,"column":23},"end":{"line":9,"column":40}},{"start":{"line":9,"column":44},"end":{"line":9,"column":46}}],"line":9},"1":{"loc":{"start":{"line":19,"column":16},"end":{"line":19,"column":48}},"type":"cond-expr","locations":[{"start":{"line":19,"column":25},"end":{"line":19,"column":36}},{"start":{"line":19,"column":39},"end":{"line":19,"column":48}}],"line":19},"2":{"loc":{"start":{"line":66,"column":2},"end":{"line":68,"column":3}},"type":"if","locations":[{"start":{"line":66,"column":2},"end":{"line":68,"column":3}},{"start":{},"end":{}}],"line":66},"3":{"loc":{"start":{"line":79,"column":12},"end":{"line":79,"column":32}},"type":"binary-expr","locations":[{"start":{"line":79,"column":12},"end":{"line":79,"column":26}},{"start":{"line":79,"column":30},"end":{"line":79,"column":32}}],"line":79},"4":{"loc":{"start":{"line":99,"column":6},"end":{"line":102,"column":33}},"type":"binary-expr","locations":[{"start":{"line":99,"column":7},"end":{"line":99,"column":28}},{"start":{"line":100,"column":8},"end":{"line":100,"column":47}},{"start":{"line":101,"column":7},"end":{"line":101,"column":31}},{"start":{"line":102,"column":8},"end":{"line":102,"column":32}}],"line":99},"5":{"loc":{"start":{"line":100,"column":9},"end":{"line":100,"column":29}},"type":"binary-expr","locations":[{"start":{"line":100,"column":9},"end":{"line":100,"column":23}},{"start":{"line":100,"column":27},"end":{"line":100,"column":29}}],"line":100},"6":{"loc":{"start":{"line":113,"column":2},"end":{"line":115,"column":3}},"type":"if","locations":[{"start":{"line":113,"column":2},"end":{"line":115,"column":3}},{"start":{},"end":{}}],"line":113},"7":{"loc":{"start":{"line":117,"column":2},"end":{"line":121,"column":3}},"type":"if","locations":[{"start":{"line":117,"column":2},"end":{"line":121,"column":3}},{"start":{},"end":{}}],"line":117},"8":{"loc":{"start":{"line":136,"column":2},"end":{"line":138,"column":3}},"type":"if","locations":[{"start":{"line":136,"column":2},"end":{"line":138,"column":3}},{"start":{},"end":{}}],"line":136},"9":{"loc":{"start":{"line":140,"column":2},"end":{"line":144,"column":3}},"type":"if","locations":[{"start":{"line":140,"column":2},"end":{"line":144,"column":3}},{"start":{},"end":{}}],"line":140},"10":{"loc":{"start":{"line":160,"column":2},"end":{"line":162,"column":3}},"type":"if","locations":[{"start":{"line":160,"column":2},"end":{"line":162,"column":3}},{"start":{},"end":{}}],"line":160},"11":{"loc":{"start":{"line":165,"column":4},"end":{"line":165,"column":27}},"type":"binary-expr","locations":[{"start":{"line":165,"column":4},"end":{"line":165,"column":21}},{"start":{"line":165,"column":25},"end":{"line":165,"column":27}}],"line":165},"12":{"loc":{"start":{"line":168,"column":2},"end":{"line":172,"column":3}},"type":"if","locations":[{"start":{"line":168,"column":2},"end":{"line":172,"column":3}},{"start":{},"end":{}}],"line":168},"13":{"loc":{"start":{"line":174,"column":2},"end":{"line":178,"column":3}},"type":"if","locations":[{"start":{"line":174,"column":2},"end":{"line":178,"column":3}},{"start":{},"end":{}}],"line":174},"14":{"loc":{"start":{"line":183,"column":4},"end":{"line":185,"column":19}},"type":"cond-expr","locations":[{"start":{"line":184,"column":8},"end":{"line":184,"column":14}},{"start":{"line":185,"column":8},"end":{"line":185,"column":19}}],"line":183}},"s":{"0":7,"1":67,"2":67,"3":67,"4":1,"5":67,"6":1,"7":39,"8":39,"9":4,"10":3,"11":4,"12":14,"13":14,"14":14,"15":14,"16":5,"17":5,"18":2,"19":3,"20":2,"21":2,"22":2,"23":2,"24":2,"25":2,"26":2,"27":2,"28":2,"29":2,"30":8,"31":8,"32":0,"33":8,"34":2,"35":6,"36":6,"37":3,"38":3,"39":0,"40":3,"41":2,"42":1,"43":1,"44":3,"45":3,"46":0,"47":3,"48":3,"49":0,"50":3,"51":1,"52":2,"53":2,"54":2,"55":7,"56":0},"f":{"0":67,"1":1,"2":1,"3":39,"4":4,"5":3,"6":14,"7":14,"8":5,"9":2,"10":2,"11":2,"12":2,"13":2,"14":8,"15":3,"16":3,"17":0},"b":{"0":[67,0],"1":[67,0],"2":[2,3],"3":[2,0],"4":[2,0,2,2],"5":[0,0],"6":[0,8],"7":[2,6],"8":[0,3],"9":[2,1],"10":[0,3],"11":[3,0],"12":[0,3],"13":[1,2],"14":[2,0]},"inputSourceMap":null,"_coverageSchema":"1a1c01bbd47fc00a2c39e90264f33305004495a9","hash":"4a2b5a2cca4408d0158bf737a80706d6a4fccaf4"}
,"/Users/ravishkarodrigo/Downloads/ICBT-Carpooling-System/backend/src/sockets/chat.js": {"path":"/Users/ravishkarodrigo/Downloads/ICBT-Carpooling-System/backend/src/sockets/chat.js","statementMap":{"0":{"start":{"line":10,"column":13},"end":{"line":12,"column":4}},"1":{"start":{"line":14,"column":2},"end":{"line":23,"column":5}},"2":{"start":{"line":15,"column":18},"end":{"line":15,"column":46}},"3":{"start":{"line":16,"column":4},"end":{"line":16,"column":55}},"4":{"start":{"line":16,"column":16},"end":{"line":16,"column":55}},"5":{"start":{"line":17,"column":4},"end":{"line":22,"column":5}},"6":{"start":{"line":18,"column":6},"end":{"line":18,"column":39}},"7":{"start":{"line":19,"column":6},"end":{"line":19,"column":13}},"8":{"start":{"line":21,"column":6},"end":{"line":21,"column":38}},"9":{"start":{"line":25,"column":2},"end":{"line":47,"column":5}},"10":{"start":{"line":27,"column":4},"end":{"line":27,"column":42}},"11":{"start":{"line":29,"column":4},"end":{"line":39,"column":7}},"12":{"start":{"line":30,"column":6},"end":{"line":38,"column":7}},"13":{"start":{"line":31,"column":24},"end":{"line":31,"column":66}},"14":{"start":{"line":33,"column":8},"end":{"line":33,"column":72}},"15":{"start":{"line":34,"column":8},"end":{"line":34,"column":45}},"16":{"start":{"line":35,"column":8},"end":{"line":35,"column":66}},"17":{"start":{"line":35,"column":39},"end":{"line":35,"column":66}},"18":{"start":{"line":37,"column":8},"end":{"line":37,"column":78}},"19":{"start":{"line":37,"column":39},"end":{"line":37,"column":78}},"20":{"start":{"line":41,"column":4},"end":{"line":46,"column":7}},"21":{"start":{"line":42,"column":6},"end":{"line":45,"column":9}},"22":{"start":{"line":49,"column":2},"end":{"line":49,"column":12}}},"fnMap":{"0":{"name":"attachChat","decl":{"start":{"line":9,"column":16},"end":{"line":9,"column":26}},"loc":{"start":{"line":9,"column":39},"end":{"line":50,"column":1}},"line":9},"1":{"name":"(anonymous_1)","decl":{"start":{"line":14,"column":9},"end":{"line":14,"column":10}},"loc":{"start":{"line":14,"column":27},"end":{"line":23,"column":3}},"line":14},"2":{"name":"(anonymous_2)","decl":{"start":{"line":25,"column":22},"end":{"line":25,"column":23}},"loc":{"start":{"line":25,"column":34},"end":{"line":47,"column":3}},"line":25},"3":{"name":"(anonymous_3)","decl":{"start":{"line":29,"column":27},"end":{"line":29,"column":28}},"loc":{"start":{"line":29,"column":51},"end":{"line":39,"column":5}},"line":29},"4":{"name":"(anonymous_4)","decl":{"start":{"line":41,"column":29},"end":{"line":41,"column":30}},"loc":{"start":{"line":41,"column":42},"end":{"line":46,"column":5}},"line":41}},"branchMap":{"0":{"loc":{"start":{"line":16,"column":4},"end":{"line":16,"column":55}},"type":"if","locations":[{"start":{"line":16,"column":4},"end":{"line":16,"column":55}},{"start":{},"end":{}}],"line":16},"1":{"loc":{"start":{"line":35,"column":8},"end":{"line":35,"column":66}},"type":"if","locations":[{"start":{"line":35,"column":8},"end":{"line":35,"column":66}},{"start":{},"end":{}}],"line":35},"2":{"loc":{"start":{"line":37,"column":8},"end":{"line":37,"column":78}},"type":"if","locations":[{"start":{"line":37,"column":8},"end":{"line":37,"column":78}},{"start":{},"end":{}}],"line":37}},"s":{"0":0,"1":0,"2":0,"3":0,"4":0,"5":0,"6":0,"7":0,"8":0,"9":0,"10":0,"11":0,"12":0,"13":0,"14":0,"15":0,"16":0,"17":0,"18":0,"19":0,"20":0,"21":0,"22":0},"f":{"0":0,"1":0,"2":0,"3":0,"4":0},"b":{"0":[0,0],"1":[0,0],"2":[0,0]},"inputSourceMap":null}
,"/Users/ravishkarodrigo/Downloads/ICBT-Carpooling-System/backend/src/utils/apiError.js": {"path":"/Users/ravishkarodrigo/Downloads/ICBT-Carpooling-System/backend/src/utils/apiError.js","statementMap":{"0":{"start":{"line":5,"column":4},"end":{"line":5,"column":19}},"1":{"start":{"line":6,"column":4},"end":{"line":6,"column":33}},"2":{"start":{"line":7,"column":4},"end":{"line":7,"column":27}},"3":{"start":{"line":8,"column":4},"end":{"line":8,"column":27}},"4":{"start":{"line":11,"column":36},"end":{"line":11,"column":75}},"5":{"start":{"line":12,"column":57},"end":{"line":12,"column":87}},"6":{"start":{"line":13,"column":70},"end":{"line":13,"column":100}},"7":{"start":{"line":14,"column":48},"end":{"line":14,"column":78}},"8":{"start":{"line":15,"column":25},"end":{"line":15,"column":55}}},"fnMap":{"0":{"name":"(anonymous_0)","decl":{"start":{"line":4,"column":2},"end":{"line":4,"column":3}},"loc":{"start":{"line":4,"column":56},"end":{"line":9,"column":3}},"line":4},"1":{"name":"(anonymous_1)","decl":{"start":{"line":11,"column":2},"end":{"line":11,"column":3}},"loc":{"start":{"line":11,"column":34},"end":{"line":11,"column":77}},"line":11},"2":{"name":"(anonymous_2)","decl":{"start":{"line":12,"column":2},"end":{"line":12,"column":3}},"loc":{"start":{"line":12,"column":55},"end":{"line":12,"column":89}},"line":12},"3":{"name":"(anonymous_3)","decl":{"start":{"line":13,"column":2},"end":{"line":13,"column":3}},"loc":{"start":{"line":13,"column":68},"end":{"line":13,"column":102}},"line":13},"4":{"name":"(anonymous_4)","decl":{"start":{"line":14,"column":2},"end":{"line":14,"column":3}},"loc":{"start":{"line":14,"column":46},"end":{"line":14,"column":80}},"line":14},"5":{"name":"(anonymous_5)","decl":{"start":{"line":15,"column":2},"end":{"line":15,"column":3}},"loc":{"start":{"line":15,"column":23},"end":{"line":15,"column":57}},"line":15}},"branchMap":{"0":{"loc":{"start":{"line":4,"column":35},"end":{"line":4,"column":54}},"type":"default-arg","locations":[{"start":{"line":4,"column":45},"end":{"line":4,"column":54}}],"line":4},"1":{"loc":{"start":{"line":12,"column":22},"end":{"line":12,"column":53}},"type":"default-arg","locations":[{"start":{"line":12,"column":28},"end":{"line":12,"column":53}}],"line":12},"2":{"loc":{"start":{"line":13,"column":19},"end":{"line":13,"column":66}},"type":"default-arg","locations":[{"start":{"line":13,"column":25},"end":{"line":13,"column":66}}],"line":13},"3":{"loc":{"start":{"line":14,"column":18},"end":{"line":14,"column":44}},"type":"default-arg","locations":[{"start":{"line":14,"column":24},"end":{"line":14,"column":44}}],"line":14}},"s":{"0":45,"1":45,"2":45,"3":45,"4":18,"5":15,"6":5,"7":4,"8":3},"f":{"0":45,"1":18,"2":15,"3":5,"4":4,"5":3},"b":{"0":[28],"1":[8],"2":[0],"3":[0]},"inputSourceMap":null,"_coverageSchema":"1a1c01bbd47fc00a2c39e90264f33305004495a9","hash":"d414e668d5cc3161ecd08809893bf4e38f24af1a"}
,"/Users/ravishkarodrigo/Downloads/ICBT-Carpooling-System/backend/src/utils/matching.js": {"path":"/Users/ravishkarodrigo/Downloads/ICBT-Carpooling-System/backend/src/utils/matching.js","statementMap":{"0":{"start":{"line":7,"column":18},"end":{"line":7,"column":52}},"1":{"start":{"line":7,"column":30},"end":{"line":7,"column":52}},"2":{"start":{"line":11,"column":16},"end":{"line":14,"column":3}},"3":{"start":{"line":12,"column":19},"end":{"line":12,"column":43}},"4":{"start":{"line":13,"column":4},"end":{"line":13,"column":22}},"5":{"start":{"line":15,"column":16},"end":{"line":15,"column":54}},"6":{"start":{"line":16,"column":14},"end":{"line":16,"column":48}},"7":{"start":{"line":17,"column":2},"end":{"line":17,"column":34}},"8":{"start":{"line":21,"column":14},"end":{"line":21,"column":15}},"9":{"start":{"line":23,"column":2},"end":{"line":23,"column":94}},"10":{"start":{"line":23,"column":82},"end":{"line":23,"column":94}},"11":{"start":{"line":24,"column":2},"end":{"line":24,"column":109}},"12":{"start":{"line":24,"column":97},"end":{"line":24,"column":109}},"13":{"start":{"line":26,"column":2},"end":{"line":26,"column":60}},"14":{"start":{"line":26,"column":48},"end":{"line":26,"column":60}},"15":{"start":{"line":28,"column":2},"end":{"line":33,"column":3}},"16":{"start":{"line":29,"column":20},"end":{"line":31,"column":5}},"17":{"start":{"line":32,"column":4},"end":{"line":32,"column":33}},"18":{"start":{"line":32,"column":21},"end":{"line":32,"column":33}},"19":{"start":{"line":35,"column":2},"end":{"line":35,"column":15}},"20":{"start":{"line":39,"column":2},"end":{"line":43,"column":54}},"21":{"start":{"line":40,"column":20},"end":{"line":40,"column":60}},"22":{"start":{"line":41,"column":19},"end":{"line":41,"column":30}},"23":{"start":{"line":42,"column":20},"end":{"line":42,"column":37}},"24":{"start":{"line":43,"column":17},"end":{"line":43,"column":51}}},"fnMap":{"0":{"name":"(anonymous_0)","decl":{"start":{"line":7,"column":18},"end":{"line":7,"column":19}},"loc":{"start":{"line":7,"column":30},"end":{"line":7,"column":52}},"line":7},"1":{"name":"windowOverlapMinutes","decl":{"start":{"line":10,"column":9},"end":{"line":10,"column":29}},"loc":{"start":{"line":10,"column":58},"end":{"line":18,"column":1}},"line":10},"2":{"name":"(anonymous_2)","decl":{"start":{"line":11,"column":16},"end":{"line":11,"column":17}},"loc":{"start":{"line":11,"column":23},"end":{"line":14,"column":3}},"line":11},"3":{"name":"scoreRide","decl":{"start":{"line":20,"column":16},"end":{"line":20,"column":25}},"loc":{"start":{"line":20,"column":40},"end":{"line":36,"column":1}},"line":20},"4":{"name":"matchRides","decl":{"start":{"line":38,"column":16},"end":{"line":38,"column":26}},"loc":{"start":{"line":38,"column":42},"end":{"line":44,"column":1}},"line":38},"5":{"name":"(anonymous_5)","decl":{"start":{"line":40,"column":9},"end":{"line":40,"column":10}},"loc":{"start":{"line":40,"column":20},"end":{"line":40,"column":60}},"line":40},"6":{"name":"(anonymous_6)","decl":{"start":{"line":41,"column":12},"end":{"line":41,"column":13}},"loc":{"start":{"line":41,"column":19},"end":{"line":41,"column":30}},"line":41},"7":{"name":"(anonymous_7)","decl":{"start":{"line":42,"column":10},"end":{"line":42,"column":11}},"loc":{"start":{"line":42,"column":20},"end":{"line":42,"column":37}},"line":42},"8":{"name":"(anonymous_8)","decl":{"start":{"line":43,"column":9},"end":{"line":43,"column":10}},"loc":{"start":{"line":43,"column":17},"end":{"line":43,"column":51}},"line":43}},"branchMap":{"0":{"loc":{"start":{"line":7,"column":19},"end":{"line":7,"column":25}},"type":"default-arg","locations":[{"start":{"line":7,"column":23},"end":{"line":7,"column":25}}],"line":7},"1":{"loc":{"start":{"line":23,"column":2},"end":{"line":23,"column":94}},"type":"if","locations":[{"start":{"line":23,"column":2},"end":{"line":23,"column":94}},{"start":{},"end":{}}],"line":23},"2":{"loc":{"start":{"line":23,"column":6},"end":{"line":23,"column":80}},"type":"binary-expr","locations":[{"start":{"line":23,"column":6},"end":{"line":23,"column":19}},{"start":{"line":23,"column":23},"end":{"line":23,"column":80}}],"line":23},"3":{"loc":{"start":{"line":24,"column":2},"end":{"line":24,"column":109}},"type":"if","locations":[{"start":{"line":24,"column":2},"end":{"line":24,"column":109}},{"start":{},"end":{}}],"line":24},"4":{"loc":{"start":{"line":24,"column":6},"end":{"line":24,"column":95}},"type":"binary-expr","locations":[{"start":{"line":24,"column":6},"end":{"line":24,"column":24}},{"start":{"line":24,"column":28},"end":{"line":24,"column":95}}],"line":24},"5":{"loc":{"start":{"line":26,"column":2},"end":{"line":26,"column":60}},"type":"if","locations":[{"start":{"line":26,"column":2},"end":{"line":26,"column":60}},{"start":{},"end":{}}],"line":26},"6":{"loc":{"start":{"line":26,"column":6},"end":{"line":26,"column":46}},"type":"binary-expr","locations":[{"start":{"line":26,"column":6},"end":{"line":26,"column":17}},{"start":{"line":26,"column":21},"end":{"line":26,"column":46}}],"line":26},"7":{"loc":{"start":{"line":28,"column":2},"end":{"line":33,"column":3}},"type":"if","locations":[{"start":{"line":28,"column":2},"end":{"line":33,"column":3}},{"start":{},"end":{}}],"line":28},"8":{"loc":{"start":{"line":28,"column":6},"end":{"line":28,"column":74}},"type":"binary-expr","locations":[{"start":{"line":28,"column":6},"end":{"line":28,"column":22}},{"start":{"line":28,"column":26},"end":{"line":28,"column":40}},{"start":{"line":28,"column":44},"end":{"line":28,"column":58}},{"start":{"line":28,"column":62},"end":{"line":28,"column":74}}],"line":28},"9":{"loc":{"start":{"line":32,"column":4},"end":{"line":32,"column":33}},"type":"if","locations":[{"start":{"line":32,"column":4},"end":{"line":32,"column":33}},{"start":{},"end":{}}],"line":32}},"s":{"0":7,"1":62,"2":0,"3":0,"4":0,"5":0,"6":0,"7":0,"8":28,"9":28,"10":11,"11":28,"12":10,"13":28,"14":3,"15":28,"16":0,"17":0,"18":0,"19":28,"20":19,"21":28,"22":28,"23":5,"24":18},"f":{"0":62,"1":0,"2":0,"3":28,"4":19,"5":28,"6":28,"7":5,"8":18},"b":{"0":[0],"1":[11,17],"2":[28,18],"3":[10,18],"4":[28,13],"5":[3,25],"6":[28,5],"7":[0,28],"8":[28,0,0,0],"9":[0,0]},"inputSourceMap":null,"_coverageSchema":"1a1c01bbd47fc00a2c39e90264f33305004495a9","hash":"014f22c69a19d6d2681af32b5e4b5b637aaeba53"}
,"/Users/ravishkarodrigo/Downloads/ICBT-Carpooling-System/backend/src/utils/password.js": {"path":"/Users/ravishkarodrigo/Downloads/ICBT-Carpooling-System/backend/src/utils/password.js","statementMap":{"0":{"start":{"line":4,"column":15},"end":{"line":4,"column":17}},"1":{"start":{"line":6,"column":28},"end":{"line":6,"column":65}},"2":{"start":{"line":6,"column":39},"end":{"line":6,"column":65}},"3":{"start":{"line":7,"column":30},"end":{"line":7,"column":74}},"4":{"start":{"line":7,"column":47},"end":{"line":7,"column":74}}},"fnMap":{"0":{"name":"(anonymous_0)","decl":{"start":{"line":6,"column":28},"end":{"line":6,"column":29}},"loc":{"start":{"line":6,"column":39},"end":{"line":6,"column":65}},"line":6},"1":{"name":"(anonymous_1)","decl":{"start":{"line":7,"column":30},"end":{"line":7,"column":31}},"loc":{"start":{"line":7,"column":47},"end":{"line":7,"column":74}},"line":7}},"branchMap":{},"s":{"0":7,"1":7,"2":79,"3":7,"4":6},"f":{"0":79,"1":6},"b":{},"inputSourceMap":null,"_coverageSchema":"1a1c01bbd47fc00a2c39e90264f33305004495a9","hash":"ce0232cacada25a239e5f38e78b74bb5d241c31a"}
,"/Users/ravishkarodrigo/Downloads/ICBT-Carpooling-System/backend/src/utils/respond.js": {"path":"/Users/ravishkarodrigo/Downloads/ICBT-Carpooling-System/backend/src/utils/respond.js","statementMap":{"0":{"start":{"line":2,"column":18},"end":{"line":3,"column":50}},"1":{"start":{"line":3,"column":2},"end":{"line":3,"column":50}},"2":{"start":{"line":5,"column":23},"end":{"line":5,"column":56}},"3":{"start":{"line":5,"column":38},"end":{"line":5,"column":56}}},"fnMap":{"0":{"name":"(anonymous_0)","decl":{"start":{"line":2,"column":18},"end":{"line":2,"column":19}},"loc":{"start":{"line":3,"column":2},"end":{"line":3,"column":50}},"line":3},"1":{"name":"(anonymous_1)","decl":{"start":{"line":5,"column":23},"end":{"line":5,"column":24}},"loc":{"start":{"line":5,"column":38},"end":{"line":5,"column":56}},"line":5}},"branchMap":{"0":{"loc":{"start":{"line":2,"column":30},"end":{"line":2,"column":42}},"type":"default-arg","locations":[{"start":{"line":2,"column":39},"end":{"line":2,"column":42}}],"line":2}},"s":{"0":7,"1":172,"2":7,"3":124},"f":{"0":172,"1":124},"b":{"0":[48]},"inputSourceMap":null,"_coverageSchema":"1a1c01bbd47fc00a2c39e90264f33305004495a9","hash":"0a57945863c6494d7c5749ebc5cbf78e974d425b"}
,"/Users/ravishkarodrigo/Downloads/ICBT-Carpooling-System/backend/src/utils/tokens.js": {"path":"/Users/ravishkarodrigo/Downloads/ICBT-Carpooling-System/backend/src/utils/tokens.js","statementMap":{"0":{"start":{"line":4,"column":31},"end":{"line":5,"column":75}},"1":{"start":{"line":5,"column":2},"end":{"line":5,"column":75}},"2":{"start":{"line":7,"column":32},"end":{"line":10,"column":4}},"3":{"start":{"line":8,"column":2},"end":{"line":10,"column":4}},"4":{"start":{"line":12,"column":27},"end":{"line":12,"column":74}},"5":{"start":{"line":12,"column":38},"end":{"line":12,"column":74}}},"fnMap":{"0":{"name":"(anonymous_0)","decl":{"start":{"line":4,"column":31},"end":{"line":4,"column":32}},"loc":{"start":{"line":5,"column":2},"end":{"line":5,"column":75}},"line":5},"1":{"name":"(anonymous_1)","decl":{"start":{"line":7,"column":32},"end":{"line":7,"column":33}},"loc":{"start":{"line":8,"column":2},"end":{"line":10,"column":4}},"line":8},"2":{"name":"(anonymous_2)","decl":{"start":{"line":12,"column":27},"end":{"line":12,"column":28}},"loc":{"start":{"line":12,"column":38},"end":{"line":12,"column":74}},"line":12}},"branchMap":{},"s":{"0":7,"1":84,"2":7,"3":84,"4":7,"5":87},"f":{"0":84,"1":84,"2":87},"b":{},"inputSourceMap":null,"_coverageSchema":"1a1c01bbd47fc00a2c39e90264f33305004495a9","hash":"bfb3de0c4d843927016d20991beb5e195c561154"}
,"/Users/ravishkarodrigo/Downloads/ICBT-Carpooling-System/backend/src/validation/schemas.js": {"path":"/Users/ravishkarodrigo/Downloads/ICBT-Carpooling-System/backend/src/validation/schemas.js","statementMap":{"0":{"start":{"line":3,"column":19},"end":{"line":3,"column":88}},"1":{"start":{"line":4,"column":19},"end":{"line":4,"column":83}},"2":{"start":{"line":6,"column":30},"end":{"line":15,"column":2}},"3":{"start":{"line":17,"column":27},"end":{"line":20,"column":2}},"4":{"start":{"line":22,"column":32},"end":{"line":33,"column":2}},"5":{"start":{"line":30,"column":17},"end":{"line":30,"column":40}},"6":{"start":{"line":35,"column":32},"end":{"line":41,"column":2}},"7":{"start":{"line":43,"column":33},"end":{"line":46,"column":2}},"8":{"start":{"line":48,"column":37},"end":{"line":50,"column":2}},"9":{"start":{"line":52,"column":29},"end":{"line":56,"column":2}},"10":{"start":{"line":58,"column":35},"end":{"line":62,"column":2}}},"fnMap":{"0":{"name":"(anonymous_0)","decl":{"start":{"line":30,"column":10},"end":{"line":30,"column":11}},"loc":{"start":{"line":30,"column":17},"end":{"line":30,"column":40}},"line":30}},"branchMap":{},"s":{"0":7,"1":7,"2":7,"3":7,"4":7,"5":46,"6":7,"7":7,"8":7,"9":7,"10":7},"f":{"0":46},"b":{},"inputSourceMap":null,"_coverageSchema":"1a1c01bbd47fc00a2c39e90264f33305004495a9","hash":"7087d5829074b785ddc10356733620b4e6a0e409"}
}
